Removed Pin From Net: NetName=NetC17_1 Pin=S1-2
Removed Pin From Net: NetName=7.2V Pin=U6-2
Removed Pin From Net: NetName=7.2V Pin=U7-2
Removed Pin From Net: NetName=GND Pin=U10-3
Removed Pin From Net: NetName=GND Pin=U11-3
Removed Member From Class: ClassName=2015PCB新 Member=U16
Removed Member From Class: ClassName=2015PCB新 Member=U16
Change Component Designator: OldDesignator=C1 NewDesignator=C24
Change Component Designator: OldDesignator=C2 NewDesignator=C8
Change Component Designator: OldDesignator=C3 NewDesignator=C17
Change Component Designator: OldDesignator=C4 NewDesignator=C10
Change Component Designator: OldDesignator=C5 NewDesignator=C15
Change Component Designator: OldDesignator=C6 NewDesignator=C7
Change Component Designator: OldDesignator=C7 NewDesignator=C9
Change Component Designator: OldDesignator=C8 NewDesignator=C14
Change Component Designator: OldDesignator=C9 NewDesignator=C16
Change Component Designator: OldDesignator=C10 NewDesignator=C23
Change Component Designator: OldDesignator=C11 NewDesignator=C20
Change Component Designator: OldDesignator=C12 NewDesignator=C1
Change Component Designator: OldDesignator=C13 NewDesignator=C5
Change Component Designator: OldDesignator=C14 NewDesignator=C2
Change Component Designator: OldDesignator=C15 NewDesignator=C4
Change Component Designator: OldDesignator=C16 NewDesignator=C22
Change Component Designator: OldDesignator=C17 NewDesignator=C13
Change Component Designator: OldDesignator=C18 NewDesignator=C21
Change Component Designator: OldDesignator=C19 NewDesignator=C6
Change Component Designator: OldDesignator=C20 NewDesignator=C25
Change Component Designator: OldDesignator=C21 NewDesignator=C11
Change Component Designator: OldDesignator=C22 NewDesignator=C12
Change Component Designator: OldDesignator=C23 NewDesignator=C18
Change Component Designator: OldDesignator=C24 NewDesignator=C19
Change Component Designator: OldDesignator=D1 NewDesignator=D6
Change Component Designator: OldDesignator=D3 NewDesignator=D5
Change Component Designator: OldDesignator=D5 NewDesignator=D9
Change Component Designator: OldDesignator=D6 NewDesignator=D10
Change Component Designator: OldDesignator=D7 NewDesignator=D3
Change Component Designator: OldDesignator=dianji NewDesignator=dianji1
Change Component Designator: OldDesignator=erjiguan NewDesignator=erjiguan1
Change Component Designator: OldDesignator=R1 NewDesignator=R14
Change Component Designator: OldDesignator=R2 NewDesignator=R11
Change Component Designator: OldDesignator=R3 NewDesignator=R12
Change Component Designator: OldDesignator=R4 NewDesignator=R13
Change Component Designator: OldDesignator=R5 NewDesignator=R3
Change Component Designator: OldDesignator=R6 NewDesignator=R9
Change Component Designator: OldDesignator=R7 NewDesignator=R2
Change Component Designator: OldDesignator=R11 NewDesignator=R4
Change Component Designator: OldDesignator=R12 NewDesignator=R6
Change Component Designator: OldDesignator=R13 NewDesignator=R10
Change Component Designator: OldDesignator=U1 NewDesignator=U5
Change Component Designator: OldDesignator=U2 NewDesignator=U12
Change Component Designator: OldDesignator=U3 NewDesignator=U2
Change Component Designator: OldDesignator=U5 NewDesignator=U1
Change Component Designator: OldDesignator=U6 NewDesignator=U8
Change Component Designator: OldDesignator=U7 NewDesignator=U11
Change Component Designator: OldDesignator=U8 NewDesignator=U3
Change Component Designator: OldDesignator=U9 NewDesignator=U15
Change Component Designator: OldDesignator=U10 NewDesignator=U13
Change Component Designator: OldDesignator=U11 NewDesignator=U7
Change Component Designator: OldDesignator=U13 NewDesignator=U9
Change Component Designator: OldDesignator=U14 NewDesignator=U10
Change Component Designator: OldDesignator=U15 NewDesignator=U14
Change Component Designator: OldDesignator=U16 NewDesignator=U6
Added Component: Designator=C3(PCBComponent_1)
Added Component: Designator=D1(0805)
Added Component: Designator=D7(0805)
Added Component: Designator=R1(0805)
Added Component: Designator=R5(0805)
Added Component: Designator=R7(0805)
Added Pin To Net: NetName=7.2V Pin=C3-1
Added Pin To Net: NetName=GND Pin=D1-2
Added Pin To Net: NetName=NetC17_1 Pin=dianji1-1
Added Pin To Net: NetName=7.2V Pin=R1-2
Added Pin To Net: NetName=GND Pin=R7-1
Added Pin To Net: NetName=7.2V Pin=S1-2
Change Net Name : Old Net Name=NetC11_1 New Net Name=NetC20_1
Change Net Name : Old Net Name=NetC17_1 New Net Name=NetC13_1
Change Net Name : Old Net Name=NetC17_2 New Net Name=NetC13_2
Change Net Name : Old Net Name=NetC18_1 New Net Name=NetC21_1
Change Net Name : Old Net Name=NetC18_2 New Net Name=NetC21_2
Change Net Name : Old Net Name=NetD1_1 New Net Name=NetD6_1
Change Net Name : Old Net Name=NetD3_1 New Net Name=NetD4_1
Change Net Name : Old Net Name=NetD3_2 New Net Name=NetD4_2
Change Net Name : Old Net Name=NetD5_1 New Net Name=NetD9_1
Change Net Name : Old Net Name=NetD5_2 New Net Name=NetD9_2
Change Net Name : Old Net Name=NetD7_1 New Net Name=NetD3_1
Change Net Name : Old Net Name=NetD7_2 New Net Name=NetD3_2
Change Net Name : Old Net Name=NetR1_2 New Net Name=NetR13_2
Change Net Name : Old Net Name=NetR2_1 New Net Name=NetR11_1
Change Net Name : Old Net Name=NetR11_1 New Net Name=NetR4_1
Change Net Name : Old Net Name=NetR12_1 New Net Name=NetR6_1
Change Net Name : Old Net Name=NetR13_1 New Net Name=NetR10_1
Added Pin To Net: NetName=NetD1_1 Pin=D1-1
Added Pin To Net: NetName=NetD1_1 Pin=R1-1
Added Net: Name=NetD1_1
Added Pin To Net: NetName=NetD7_1 Pin=D7-1
Added Pin To Net: NetName=NetD7_1 Pin=R5-2
Added Net: Name=NetD7_1
Added Pin To Net: NetName=NetR5_1 Pin=R5-1
Added Pin To Net: NetName=NetR5_1 Pin=S1-3
Added Pin To Net: NetName=NetR5_1 Pin=U8-2
Added Pin To Net: NetName=NetR5_1 Pin=U11-2
Added Net: Name=NetR5_1
Added Pin To Net: NetName=PGND Pin=C3-2
Added Pin To Net: NetName=PGND Pin=D7-2
Added Pin To Net: NetName=PGND Pin=R7-2
Added Pin To Net: NetName=PGND Pin=U7-3
Added Pin To Net: NetName=PGND Pin=U13-3
Added Net: Name=PGND
Added Member To Class: ClassName=2015PCB新 Member=Component C25 0.1uF_0805
Added Member To Class: ClassName=2015PCB新 Member=Component D9 FR107_SMA
Added Member To Class: ClassName=2015PCB新 Member=Component D10 FR107_SMA
Added Member To Class: ClassName=2015PCB新 Member=Component R9 10
Added Member To Class: ClassName=2015PCB新 Member=Component R13 1K
Added Member To Class: ClassName=2015PCB新 Member=Component R14 10K
Added Member To Class: ClassName=2015PCB新 Member=Component U12 MC34063_sop
Added Room: Name=2015PCB新
