Added Component: Designator=BATERY1(PCBComponent_1)
Added Component: Designator=C1(PCBComponent_1)
Added Component: Designator=C2(PCBComponent_1)
Added Component: Designator=C3(PCBComponent_1)
Added Component: Designator=C4(PCBComponent_1)
Added Component: Designator=C5(3528_B)
Added Component: Designator=C6(0805)
Added Component: Designator=C7(0805)
Added Component: Designator=C8(1206)
Added Component: Designator=C9(PCBComponent_1)
Added Component: Designator=C10(PCBComponent_1)
Added Component: Designator=C11(PCBComponent_1)
Added Component: Designator=C12(PCBComponent_1)
Added Component: Designator=C13(PCBComponent_1)
Added Component: Designator=C14(PCBComponent_1)
Added Component: Designator=C15(PCBComponent_1)
Added Component: Designator=C16(PCBComponent_1)
Added Component: Designator=C17(PCBComponent_1)
Added Component: Designator=C18(PCBComponent_1)
Added Component: Designator=C19(PCBComponent_1)
Added Component: Designator=C20(PCBComponent_1)
Added Component: Designator=C21(PCBComponent_1)
Added Component: Designator=C22(PCBComponent_1)
Added Component: Designator=C23(0805)
Added Component: Designator=C24(0805)
Added Component: Designator=C25(0805)
Added Component: Designator=C26(0805)
Added Component: Designator=D1(SS14_SMA)
Added Component: Designator=D2(0805)
Added Component: Designator=D3(0805)
Added Component: Designator=D4(SS14_SMA)
Added Component: Designator=D5(SS14_SMA)
Added Component: Designator=D6(SS14_SMA)
Added Component: Designator=D7(SS14_SMA)
Added Component: Designator=D8(SS14_SMA)
Added Component: Designator=D9(SS14_SMA)
Added Component: Designator=dianji1(PCBComponent_1)
Added Component: Designator=erjiguan1(1812)
Added Component: Designator=FUSE1(PCBComponent_1)
Added Component: Designator=H1(HEADER4X2)
Added Component: Designator=H2(HEADER4X2)
Added Component: Designator=H3(HEADER5)
Added Component: Designator=H4(干簧管)
Added Component: Designator=L1(PCBComponent_1)
Added Component: Designator=R1(0805)
Added Component: Designator=R2(0805)
Added Component: Designator=R3(0805)
Added Component: Designator=R4(0805)
Added Component: Designator=R5(0805)
Added Component: Designator=R6(0805)
Added Component: Designator=R7(0805)
Added Component: Designator=R8(0805)
Added Component: Designator=R9(0805)
Added Component: Designator=R10(0805)
Added Component: Designator=R11(0805)
Added Component: Designator=S1(三脚开关)
Added Component: Designator=S2(三脚开关)
Added Component: Designator=U1(PCBComponent_1)
Added Component: Designator=U2(SOP-8)
Added Component: Designator=U3(PCBComponent_1)
Added Component: Designator=U4(SOT223_forAMS1117)
Added Component: Designator=U5(PCBComponent_1 - duplicate)
Added Component: Designator=U6(PCBComponent_1)
Added Component: Designator=U7(SOP-14)
Added Component: Designator=U8(DPAK)
Added Component: Designator=U9(DPAK)
Added Component: Designator=U10(SOP-8)
Added Component: Designator=U11(SOP-8)
Added Component: Designator=U12(DPAK)
Added Component: Designator=U13(DPAK)
Added Pin To Net: NetName=PGND Pin=BATERY1-1
Added Pin To Net: NetName=NetBATERY1_2 Pin=BATERY1-2
Added Pin To Net: NetName=7.2V Pin=C1-1
Added Pin To Net: NetName=GND Pin=C1-2
Added Pin To Net: NetName=5V(3) Pin=C2-1
Added Pin To Net: NetName=GND Pin=C2-2
Added Pin To Net: NetName=GND Pin=C3-1
Added Pin To Net: NetName=7.2V Pin=C3-2
Added Pin To Net: NetName=GND Pin=C4-1
Added Pin To Net: NetName=5V(3) Pin=C4-2
Added Pin To Net: NetName=12V Pin=C5-1
Added Pin To Net: NetName=GND Pin=C5-2
Added Pin To Net: NetName=12V Pin=C6-1
Added Pin To Net: NetName=GND Pin=C6-2
Added Pin To Net: NetName=GND Pin=C7-2
Added Pin To Net: NetName=7.2V Pin=C8-1
Added Pin To Net: NetName=GND Pin=C8-2
Added Pin To Net: NetName=5V(3) Pin=C9-1
Added Pin To Net: NetName=GND Pin=C9-2
Added Pin To Net: NetName=5V(3) Pin=C10-1
Added Pin To Net: NetName=GND Pin=C10-2
Added Pin To Net: NetName=3.3V Pin=C11-1
Added Pin To Net: NetName=GND Pin=C11-2
Added Pin To Net: NetName=3.3V Pin=C12-1
Added Pin To Net: NetName=GND Pin=C12-2
Added Pin To Net: NetName=7.2V Pin=C13-1
Added Pin To Net: NetName=GND Pin=C13-2
Added Pin To Net: NetName=5V(S) Pin=C14-1
Added Pin To Net: NetName=GND Pin=C14-2
Added Pin To Net: NetName=GND Pin=C15-1
Added Pin To Net: NetName=7.2V Pin=C15-2
Added Pin To Net: NetName=GND Pin=C16-1
Added Pin To Net: NetName=5V(S) Pin=C16-2
Added Pin To Net: NetName=12V Pin=C17-1
Added Pin To Net: NetName=GND Pin=C17-2
Added Pin To Net: NetName=7.2V Pin=C18-1
Added Pin To Net: NetName=GND Pin=C18-2
Added Pin To Net: NetName=5V(D) Pin=C19-1
Added Pin To Net: NetName=GND Pin=C19-2
Added Pin To Net: NetName=GND Pin=C20-1
Added Pin To Net: NetName=7.2V Pin=C20-2
Added Pin To Net: NetName=GND Pin=C21-1
Added Pin To Net: NetName=5V(D) Pin=C21-2
Added Pin To Net: NetName=12V Pin=C22-1
Added Pin To Net: NetName=GND Pin=C22-2
Added Pin To Net: NetName=12V Pin=C25-1
Added Pin To Net: NetName=GND Pin=C25-2
Added Pin To Net: NetName=12V Pin=C26-1
Added Pin To Net: NetName=GND Pin=C26-2
Added Pin To Net: NetName=NetD1_1 Pin=D1-1
Added Pin To Net: NetName=12V Pin=D1-2
Added Pin To Net: NetName=GND Pin=D2-2
Added Pin To Net: NetName=NetD3_1 Pin=D3-1
Added Pin To Net: NetName=PGND Pin=D3-2
Added Pin To Net: NetName=12V Pin=D4-1
Added Pin To Net: NetName=NetD6_1 Pin=D6-1
Added Pin To Net: NetName=12V Pin=D7-2
Added Pin To Net: NetName=NetD8_1 Pin=D8-1
Added Pin To Net: NetName=NetD8_2 Pin=D8-2
Added Pin To Net: NetName=NetD9_1 Pin=D9-1
Added Pin To Net: NetName=NetD9_2 Pin=D9-2
Added Pin To Net: NetName=NetBATERY1_2 Pin=FUSE1-1
Added Pin To Net: NetName=NetFUSE1_2 Pin=FUSE1-2
Added Pin To Net: NetName=NetBATERY1_2 Pin=FUSE1-3
Added Pin To Net: NetName=NetFUSE1_2 Pin=FUSE1-4
Added Pin To Net: NetName=5V(S) Pin=H1-1
Added Pin To Net: NetName=5V(S) Pin=H1-2
Added Pin To Net: NetName=5V(S) Pin=H1-3
Added Pin To Net: NetName=5V(S) Pin=H1-4
Added Pin To Net: NetName=GND Pin=H1-5
Added Pin To Net: NetName=GND Pin=H1-6
Added Pin To Net: NetName=GND Pin=H1-7
Added Pin To Net: NetName=GND Pin=H1-8
Added Pin To Net: NetName=5V(S) Pin=H2-1
Added Pin To Net: NetName=5V(S) Pin=H2-2
Added Pin To Net: NetName=5V(S) Pin=H2-3
Added Pin To Net: NetName=5V(S) Pin=H2-4
Added Pin To Net: NetName=GND Pin=H2-5
Added Pin To Net: NetName=GND Pin=H2-6
Added Pin To Net: NetName=GND Pin=H2-7
Added Pin To Net: NetName=GND Pin=H2-8
Added Pin To Net: NetName=GND Pin=H3-1
Added Pin To Net: NetName=3.3V Pin=H3-2
Added Pin To Net: NetName=5V(3) Pin=H3-3
Added Pin To Net: NetName=5V(D) Pin=H3-4
Added Pin To Net: NetName=5V(S) Pin=H3-5
Added Pin To Net: NetName=PWM2 Pin=H4-1
Added Pin To Net: NetName=PWM1 Pin=H4-2
Added Pin To Net: NetName=EN Pin=H4-3
Added Pin To Net: NetName=NetD1_1 Pin=L1-1
Added Pin To Net: NetName=NetL1_2 Pin=L1-2
Added Pin To Net: NetName=7.2V Pin=R1-1
Added Pin To Net: NetName=12V Pin=R2-1
Added Pin To Net: NetName=NetL1_2 Pin=R3-2
Added Pin To Net: NetName=NetL1_2 Pin=R4-1
Added Pin To Net: NetName=7.2V Pin=R4-2
Added Pin To Net: NetName=GND Pin=R5-1
Added Pin To Net: NetName=GND Pin=R6-1
Added Pin To Net: NetName=PGND Pin=R6-2
Added Pin To Net: NetName=NetD3_1 Pin=R7-2
Added Pin To Net: NetName=NetD6_1 Pin=R9-1
Added Pin To Net: NetName=NetD8_2 Pin=R10-1
Added Pin To Net: NetName=NetD8_1 Pin=R10-2
Added Pin To Net: NetName=NetD9_1 Pin=R11-1
Added Pin To Net: NetName=NetD9_2 Pin=R11-2
Added Pin To Net: NetName=NetFUSE1_2 Pin=S1-1
Added Pin To Net: NetName=NetFUSE1_2 Pin=S1-2
Added Pin To Net: NetName=7.2V Pin=S1-3
Added Pin To Net: NetName=7.2V Pin=S2-2
Added Pin To Net: NetName=7.2V Pin=U1-1
Added Pin To Net: NetName=GND Pin=U1-2
Added Pin To Net: NetName=5V(3) Pin=U1-3
Added Pin To Net: NetName=NetD1_1 Pin=U2-1
Added Pin To Net: NetName=GND Pin=U2-2
Added Pin To Net: NetName=GND Pin=U2-4
Added Pin To Net: NetName=7.2V Pin=U2-6
Added Pin To Net: NetName=NetL1_2 Pin=U2-7
Added Pin To Net: NetName=7.2V Pin=U3-1
Added Pin To Net: NetName=GND Pin=U3-2
Added Pin To Net: NetName=5V(S) Pin=U3-3
Added Pin To Net: NetName=GND Pin=U4-1
Added Pin To Net: NetName=3.3V Pin=U4-2
Added Pin To Net: NetName=3.3V Pin=U4-2
Added Pin To Net: NetName=5V(3) Pin=U4-3
Added Pin To Net: NetName=5V(S) Pin=U5-1
Added Pin To Net: NetName=GND Pin=U5-2
Added Pin To Net: NetName=GND Pin=U5-3
Added Pin To Net: NetName=12V Pin=U5-4
Added Pin To Net: NetName=7.2V Pin=U6-1
Added Pin To Net: NetName=GND Pin=U6-2
Added Pin To Net: NetName=5V(D) Pin=U6-3
Added Pin To Net: NetName=PWM1 Pin=U7-1
Added Pin To Net: NetName=EN Pin=U7-2
Added Pin To Net: NetName=PWM1OUT Pin=U7-3
Added Pin To Net: NetName=PWM2 Pin=U7-4
Added Pin To Net: NetName=EN Pin=U7-5
Added Pin To Net: NetName=PWM2OUT Pin=U7-6
Added Pin To Net: NetName=GND Pin=U7-7
Added Pin To Net: NetName=5V(S) Pin=U7-14
Added Pin To Net: NetName=NetD6_1 Pin=U9-1
Added Pin To Net: NetName=12V Pin=U10-1
Added Pin To Net: NetName=PWM1OUT Pin=U10-2
Added Pin To Net: NetName=12V Pin=U10-3
Added Pin To Net: NetName=GND Pin=U10-4
Added Pin To Net: NetName=NetD8_2 Pin=U10-5
Added Pin To Net: NetName=12V Pin=U11-1
Added Pin To Net: NetName=PWM2OUT Pin=U11-2
Added Pin To Net: NetName=12V Pin=U11-3
Added Pin To Net: NetName=GND Pin=U11-4
Added Pin To Net: NetName=NetD9_2 Pin=U11-5
Added Pin To Net: NetName=NetD9_1 Pin=U12-1
Added Pin To Net: NetName=PGND Pin=U12-3
Added Pin To Net: NetName=NetD8_1 Pin=U13-1
Added Pin To Net: NetName=PGND Pin=U13-3
Added Pin To Net: NetName=NetC7_1 Pin=C7-1
Added Pin To Net: NetName=NetC7_1 Pin=U2-3
Added Net: Name=NetC7_1
Added Pin To Net: NetName=NetC23_1 Pin=C23-1
Added Pin To Net: NetName=NetC23_1 Pin=dianji1-1
Added Pin To Net: NetName=NetC23_1 Pin=U8-3
Added Pin To Net: NetName=NetC23_1 Pin=U10-6
Added Pin To Net: NetName=NetC23_1 Pin=U13-2
Added Net: Name=NetC23_1
Added Pin To Net: NetName=NetC23_2 Pin=C23-2
Added Pin To Net: NetName=NetC23_2 Pin=D4-2
Added Pin To Net: NetName=NetC23_2 Pin=U10-8
Added Net: Name=NetC23_2
Added Pin To Net: NetName=NetC24_1 Pin=C24-1
Added Pin To Net: NetName=NetC24_1 Pin=D7-1
Added Pin To Net: NetName=NetC24_1 Pin=U11-8
Added Net: Name=NetC24_1
Added Pin To Net: NetName=NetC24_2 Pin=C24-2
Added Pin To Net: NetName=NetC24_2 Pin=dianji1-2
Added Pin To Net: NetName=NetC24_2 Pin=U9-3
Added Pin To Net: NetName=NetC24_2 Pin=U11-6
Added Pin To Net: NetName=NetC24_2 Pin=U12-2
Added Net: Name=NetC24_2
Added Pin To Net: NetName=NetD2_1 Pin=D2-1
Added Pin To Net: NetName=NetD2_1 Pin=R1-2
Added Net: Name=NetD2_1
Added Pin To Net: NetName=NetD5_1 Pin=D5-1
Added Pin To Net: NetName=NetD5_1 Pin=R8-2
Added Pin To Net: NetName=NetD5_1 Pin=U8-1
Added Net: Name=NetD5_1
Added Pin To Net: NetName=NetD5_2 Pin=D5-2
Added Pin To Net: NetName=NetD5_2 Pin=R8-1
Added Pin To Net: NetName=NetD5_2 Pin=U10-7
Added Net: Name=NetD5_2
Added Pin To Net: NetName=NetD6_2 Pin=D6-2
Added Pin To Net: NetName=NetD6_2 Pin=R9-2
Added Pin To Net: NetName=NetD6_2 Pin=U11-7
Added Net: Name=NetD6_2
Added Pin To Net: NetName=NetR2_2 Pin=R2-2
Added Pin To Net: NetName=NetR2_2 Pin=R5-2
Added Pin To Net: NetName=NetR2_2 Pin=U2-5
Added Net: Name=NetR2_2
Added Pin To Net: NetName=NetR3_1 Pin=R3-1
Added Pin To Net: NetName=NetR3_1 Pin=U2-8
Added Net: Name=NetR3_1
Added Pin To Net: NetName=NetR7_1 Pin=R7-1
Added Pin To Net: NetName=NetR7_1 Pin=S2-3
Added Pin To Net: NetName=NetR7_1 Pin=U8-2
Added Pin To Net: NetName=NetR7_1 Pin=U9-2
Added Net: Name=NetR7_1
Added Member To Class: ClassName=2015PCB新 Member=Component BATERY1 7.2V电池
Added Member To Class: ClassName=2015PCB新 Member=Component C1 Cap Pol1_1
Added Member To Class: ClassName=2015PCB新 Member=Component C2 Cap Pol1_1
Added Member To Class: ClassName=2015PCB新 Member=Component C3 Cap
Added Member To Class: ClassName=2015PCB新 Member=Component C4 Cap
Added Member To Class: ClassName=2015PCB新 Member=Component C5 22uF_3528
Added Member To Class: ClassName=2015PCB新 Member=Component C6 0.1uF
Added Member To Class: ClassName=2015PCB新 Member=Component C7 470pF
Added Member To Class: ClassName=2015PCB新 Member=Component C8 10uf
Added Member To Class: ClassName=2015PCB新 Member=Component C9 Cap Pol1_1
Added Member To Class: ClassName=2015PCB新 Member=Component C10 Cap
Added Member To Class: ClassName=2015PCB新 Member=Component C11 Cap
Added Member To Class: ClassName=2015PCB新 Member=Component C12 Cap Pol1_1
Added Member To Class: ClassName=2015PCB新 Member=Component C13 Cap Pol1_1
Added Member To Class: ClassName=2015PCB新 Member=Component C14 Cap Pol1_1
Added Member To Class: ClassName=2015PCB新 Member=Component C15 Cap
Added Member To Class: ClassName=2015PCB新 Member=Component C16 Cap
Added Member To Class: ClassName=2015PCB新 Member=Component C17 Cap Pol1_1
Added Member To Class: ClassName=2015PCB新 Member=Component C18 Cap Pol1_1
Added Member To Class: ClassName=2015PCB新 Member=Component C19 Cap Pol1_1
Added Member To Class: ClassName=2015PCB新 Member=Component C20 Cap
Added Member To Class: ClassName=2015PCB新 Member=Component C21 Cap
Added Member To Class: ClassName=2015PCB新 Member=Component C22 Cap
Added Member To Class: ClassName=2015PCB新 Member=Component C23 4.7uF
Added Member To Class: ClassName=2015PCB新 Member=Component C24 4.7uF
Added Member To Class: ClassName=2015PCB新 Member=Component C25 0.1uF
Added Member To Class: ClassName=2015PCB新 Member=Component C26 0.1uF
Added Member To Class: ClassName=2015PCB新 Member=Component D1 1N5819
Added Member To Class: ClassName=2015PCB新 Member=Component D2 LED_0805
Added Member To Class: ClassName=2015PCB新 Member=Component D3 LED_0805
Added Member To Class: ClassName=2015PCB新 Member=Component D4 FR107
Added Member To Class: ClassName=2015PCB新 Member=Component D5 FR107
Added Member To Class: ClassName=2015PCB新 Member=Component D6 FR107
Added Member To Class: ClassName=2015PCB新 Member=Component D7 FR107
Added Member To Class: ClassName=2015PCB新 Member=Component D8 FR107
Added Member To Class: ClassName=2015PCB新 Member=Component D9 FR107
Added Member To Class: ClassName=2015PCB新 Member=Component dianji1 dianji
Added Member To Class: ClassName=2015PCB新 Member=Component erjiguan1 TVS
Added Member To Class: ClassName=2015PCB新 Member=Component FUSE1 Header 2X2
Added Member To Class: ClassName=2015PCB新 Member=Component H1 HEADER4X2
Added Member To Class: ClassName=2015PCB新 Member=Component H2 HEADER4X2
Added Member To Class: ClassName=2015PCB新 Member=Component H3 HEADER
Added Member To Class: ClassName=2015PCB新 Member=Component H4 HEADER
Added Member To Class: ClassName=2015PCB新 Member=Component L1 Inductor
Added Member To Class: ClassName=2015PCB新 Member=Component R1 RES
Added Member To Class: ClassName=2015PCB新 Member=Component R2 10K
Added Member To Class: ClassName=2015PCB新 Member=Component R3 180
Added Member To Class: ClassName=2015PCB新 Member=Component R4 0.22
Added Member To Class: ClassName=2015PCB新 Member=Component R5 1K
Added Member To Class: ClassName=2015PCB新 Member=Component R6 RES
Added Member To Class: ClassName=2015PCB新 Member=Component R7 RES
Added Member To Class: ClassName=2015PCB新 Member=Component R8 10
Added Member To Class: ClassName=2015PCB新 Member=Component R9 10
Added Member To Class: ClassName=2015PCB新 Member=Component R10 10
Added Member To Class: ClassName=2015PCB新 Member=Component R11 10
Added Member To Class: ClassName=2015PCB新 Member=Component S1 单刀双掷开关
Added Member To Class: ClassName=2015PCB新 Member=Component S2 三脚开关
Added Member To Class: ClassName=2015PCB新 Member=Component U1 LM2940
Added Member To Class: ClassName=2015PCB新 Member=Component U2 MC34063_sop
Added Member To Class: ClassName=2015PCB新 Member=Component U3 LM2940
Added Member To Class: ClassName=2015PCB新 Member=Component U4 AMS1117
Added Member To Class: ClassName=2015PCB新 Member=Component U5 0512
Added Member To Class: ClassName=2015PCB新 Member=Component U6 LM2940
Added Member To Class: ClassName=2015PCB新 Member=Component U7 74HC08D_sop
Added Member To Class: ClassName=2015PCB新 Member=Component U8 LR7843
Added Member To Class: ClassName=2015PCB新 Member=Component U9 LR7843
Added Member To Class: ClassName=2015PCB新 Member=Component U10 IR2104_sop
Added Member To Class: ClassName=2015PCB新 Member=Component U11 IR2104_sop
Added Member To Class: ClassName=2015PCB新 Member=Component U12 LR7843
Added Member To Class: ClassName=2015PCB新 Member=Component U13 LR7843
Added Room: Name=2015PCB新
