Removed Pin From Net: NetName=GND Pin=C1-2
Removed Pin From Net: NetName=NetC13_1 Pin=C13-1
Removed Pin From Net: NetName=NetC16_1 Pin=C16-1
Removed Pin From Net: NetName=NetC18_1 Pin=C18-1
Removed Pin From Net: NetName=5V(B) Pin=C20-1
Removed Pin From Net: NetName=GND Pin=C20-2
Removed Pin From Net: NetName=3.3V(D) Pin=C21-1
Removed Pin From Net: NetName=7.2V Pin=C22-1
Removed Pin From Net: NetName=PGND Pin=C22-2
Removed Pin From Net: NetName=NetC23_1 Pin=C23-1
Removed Pin From Net: NetName=NetC23_2 Pin=C23-2
Removed Pin From Net: NetName=NetC24_1 Pin=C24-1
Removed Pin From Net: NetName=NetC24_2 Pin=C24-2
Removed Pin From Net: NetName=12V Pin=D4-1
Removed Pin From Net: NetName=NetC24_2 Pin=D5-2
Removed Pin From Net: NetName=NetC23_2 Pin=M1-1
Removed Pin From Net: NetName=NetC24_2 Pin=M1-9
Removed Pin From Net: NetName=NetR6_1 Pin=R6-1
Removed Pin From Net: NetName=NetD3_1 Pin=R6-2
Removed Pin From Net: NetName=NetC13_1 Pin=U4-3
Removed Pin From Net: NetName=NetC13_1 Pin=U4-4
Removed Pin From Net: NetName=NetC16_1 Pin=U5-3
Removed Pin From Net: NetName=NetC16_1 Pin=U5-4
Removed Pin From Net: NetName=NetC18_1 Pin=U6-4
Change Component Footprint: Designator=C23 Old Footprint=0805 New Footprint=C_CAP
Change Component Footprint: Designator=C24 Old Footprint=0805 New Footprint=C_CAP
Change Component Footprint: Designator=C20 Old Footprint=c0805 New Footprint=0805
Change Component Footprint: Designator=C22 Old Footprint=PCBComponent_1 New Footprint=c0805
Change Component Footprint: Designator=D4 Old Footprint=SS14_SMA New Footprint=1N5819
Change Component Comment : Designator=C24 Old Comment=4.7uF New Comment=470
Change Component Comment : Designator=C23 Old Comment=4.7uF New Comment=470
Change Component Comment : Designator=C22 Old Comment=Cap Pol1_1 New Comment=104
Change Component Comment : Designator=R6 Old Comment=RES New Comment=Res2
Change Component Comment : Designator=S2 Old Comment=三脚开关 New Comment=单刀双掷开关
Change Component Designator: OldDesignator=C25 NewDesignator=C28
Change Component Designator: OldDesignator=D5 NewDesignator=D6
Change Component Designator: OldDesignator=R7 NewDesignator=R11
Change Component Designator: OldDesignator=R11 NewDesignator=R12
Change Component Designator: OldDesignator=R12 NewDesignator=R13
Change Component Designator: OldDesignator=R13 NewDesignator=R14
Added Component: Designator=adj1(RISIATER_ADJ)
Added Component: Designator=C25(0805)
Added Component: Designator=C27(0805)
Added Component: Designator=D5(SS14_SMA)
Added Component: Designator=L2(7*7*4)
Added Component: Designator=LM1(LM2596)
Added Component: Designator=R7(0805)
Added Pin To Net: NetName=NetC13_1 Pin=adj1-1
Added Pin To Net: NetName=NetC13_1 Pin=adj1-2
Added Pin To Net: NetName=NetC24_2 Pin=adj1-3
Added Pin To Net: NetName=7.2V Pin=C13-1
Added Pin To Net: NetName=7.2V Pin=C16-1
Added Pin To Net: NetName=7.2V Pin=C18-1
Added Pin To Net: NetName=NetC13_1 Pin=C20-1
Added Pin To Net: NetName=NetC24_2 Pin=C20-2
Added Pin To Net: NetName=5V(B) Pin=C21-1
Added Pin To Net: NetName=3.3V(D) Pin=C22-1
Added Pin To Net: NetName=GND Pin=C22-2
Added Pin To Net: NetName=7.2V Pin=C23-1
Added Pin To Net: NetName=GND Pin=C23-2
Added Pin To Net: NetName=NetC24_2 Pin=C24-1
Added Pin To Net: NetName=GND Pin=C24-2
Added Pin To Net: NetName=NetC23_1 Pin=C25-1
Added Pin To Net: NetName=NetC16_1 Pin=C25-2
Added Pin To Net: NetName=NetC24_1 Pin=C27-1
Added Pin To Net: NetName=NetC18_1 Pin=C27-2
Added Pin To Net: NetName=GND Pin=D4-1
Added Pin To Net: NetName=12V Pin=D5-1
Added Pin To Net: NetName=NetC16_1 Pin=D5-2
Added Pin To Net: NetName=NetC18_1 Pin=D6-2
Added Pin To Net: NetName=NetC23_2 Pin=L2-1
Added Pin To Net: NetName=NetC24_2 Pin=L2-2
Added Pin To Net: NetName=7.2V Pin=LM1-1
Added Pin To Net: NetName=NetC23_2 Pin=LM1-2
Added Pin To Net: NetName=GND Pin=LM1-3
Added Pin To Net: NetName=NetC13_1 Pin=LM1-4
Added Pin To Net: NetName=GND Pin=LM1-5
Added Pin To Net: NetName=NetC16_1 Pin=M1-1
Added Pin To Net: NetName=NetC18_1 Pin=M1-9
Added Pin To Net: NetName=GND Pin=R6-1
Added Pin To Net: NetName=NetC13_1 Pin=R6-2
Added Pin To Net: NetName=NetR6_1 Pin=R7-1
Added Pin To Net: NetName=NetD3_1 Pin=R7-2
Added Pin To Net: NetName=7.2V Pin=U4-3
Added Pin To Net: NetName=7.2V Pin=U4-4
Added Pin To Net: NetName=7.2V Pin=U5-3
Added Pin To Net: NetName=7.2V Pin=U5-4
Added Pin To Net: NetName=7.2V Pin=U6-3
Added Pin To Net: NetName=7.2V Pin=U6-4
Change Net Name : Old Net Name=NetC13_1 New Net Name=Netadj1_1
Change Net Name : Old Net Name=NetC16_1 New Net Name=NetC25_2
Change Net Name : Old Net Name=NetC18_1 New Net Name=NetC27_2
Change Net Name : Old Net Name=NetC23_1 New Net Name=NetC25_1
Change Net Name : Old Net Name=NetC23_2 New Net Name=NetD4_2
Change Net Name : Old Net Name=NetC24_1 New Net Name=NetC27_1
Change Net Name : Old Net Name=NetC24_2 New Net Name=ADJ
Change Net Name : Old Net Name=NetR6_1 New Net Name=NetR7_1
Change Net Name : Old Net Name=NetR12_2 New Net Name=NetR13_2
Change Net Name : Old Net Name=NetR13_1 New Net Name=NetR14_1
Added Member To Class: ClassName=2015PCB新 Member=Component adj1 RISISTR_ADJ
Added Member To Class: ClassName=2015PCB新 Member=Component C27 4.7uF
Added Member To Class: ClassName=2015PCB新 Member=Component C28 0.1uF
Added Member To Class: ClassName=2015PCB新 Member=Component D6 1N5819
Added Member To Class: ClassName=2015PCB新 Member=Component L2 L?
Added Member To Class: ClassName=2015PCB新 Member=Component LM1 U1
Added Member To Class: ClassName=2015PCB新 Member=Component R14 10
