Added Component: Designator=BATERY1(PCBComponent_1)
Added Component: Designator=C1(3528_B)
Added Component: Designator=C2(PCBComponent_1)
Added Component: Designator=C3(PCBComponent_1)
Added Component: Designator=C4(PCBComponent_1)
Added Component: Designator=C5(PCBComponent_1)
Added Component: Designator=C6(PCBComponent_1)
Added Component: Designator=C7(PCBComponent_1)
Added Component: Designator=C8(PCBComponent_1)
Added Component: Designator=C9(PCBComponent_1)
Added Component: Designator=C10(0805)
Added Component: Designator=C11(0805)
Added Component: Designator=C12(PCBComponent_1)
Added Component: Designator=C13(PCBComponent_1)
Added Component: Designator=C14(PCBComponent_1)
Added Component: Designator=C15(PCBComponent_1)
Added Component: Designator=C16(1206)
Added Component: Designator=C17(0805)
Added Component: Designator=C18(0805)
Added Component: Designator=C19(0805)
Added Component: Designator=C20(0805)
Added Component: Designator=C21(PCBComponent_1)
Added Component: Designator=C22(PCBComponent_1)
Added Component: Designator=C23(PCBComponent_1)
Added Component: Designator=C24(PCBComponent_1)
Added Component: Designator=D1(SS14_SMA)
Added Component: Designator=D2(SS14_SMA)
Added Component: Designator=D3(SS14_SMA)
Added Component: Designator=D4(SS14_SMA)
Added Component: Designator=D5(SS14_SMA)
Added Component: Designator=D6(SS14_SMA)
Added Component: Designator=D7(SS14_SMA)
Added Component: Designator=D8(SS14_SMA)
Added Component: Designator=dianji(PCBComponent_1)
Added Component: Designator=erjiguan(1812)
Added Component: Designator=FUSE1(PCBComponent_1)
Added Component: Designator=H1(干簧管)
Added Component: Designator=L1(3.8*3.8大功率电感)
Added Component: Designator=R1(0805)
Added Component: Designator=R2(0805)
Added Component: Designator=R3(0805)
Added Component: Designator=R4(0805)
Added Component: Designator=R5(0805)
Added Component: Designator=R6(0805)
Added Component: Designator=R7(0805)
Added Component: Designator=R8(0805)
Added Component: Designator=R11(0805)
Added Component: Designator=R12(0805)
Added Component: Designator=R13(0805)
Added Component: Designator=S1(三脚开关)
Added Component: Designator=SWITCH1(三脚开关)
Added Component: Designator=U1(PCBComponent_1)
Added Component: Designator=U2(SOP-8)
Added Component: Designator=U3(PCBComponent_1)
Added Component: Designator=U4(SOT223_forAMS1117)
Added Component: Designator=U5(SOP-14)
Added Component: Designator=U6(DPAK)
Added Component: Designator=U7(DPAK)
Added Component: Designator=U8(SOP-8)
Added Component: Designator=U9(SOP-8)
Added Component: Designator=U10(DPAK)
Added Component: Designator=U11(DPAK)
Added Component: Designator=U13(插针_2)
Added Component: Designator=U14(插针_2)
Added Component: Designator=U15(插针_2)
Added Component: Designator=U16(PCBComponent_1)
Added Pin To Net: NetName=GND Pin=BATERY1-1
Added Pin To Net: NetName=NetBATERY1_2 Pin=BATERY1-2
Added Pin To Net: NetName=12V Pin=C1-1
Added Pin To Net: NetName=GND Pin=C1-2
Added Pin To Net: NetName=7.2V Pin=C2-1
Added Pin To Net: NetName=GND Pin=C2-2
Added Pin To Net: NetName=5V(3) Pin=C3-1
Added Pin To Net: NetName=GND Pin=C3-2
Added Pin To Net: NetName=GND Pin=C4-1
Added Pin To Net: NetName=7.2V Pin=C4-2
Added Pin To Net: NetName=GND Pin=C5-1
Added Pin To Net: NetName=5V(3) Pin=C5-2
Added Pin To Net: NetName=5V(3) Pin=C6-1
Added Pin To Net: NetName=GND Pin=C6-2
Added Pin To Net: NetName=5V(3) Pin=C7-1
Added Pin To Net: NetName=GND Pin=C7-2
Added Pin To Net: NetName=3.3V Pin=C8-1
Added Pin To Net: NetName=GND Pin=C8-2
Added Pin To Net: NetName=3.3V Pin=C9-1
Added Pin To Net: NetName=GND Pin=C9-2
Added Pin To Net: NetName=12V Pin=C10-1
Added Pin To Net: NetName=GND Pin=C10-2
Added Pin To Net: NetName=NetC11_1 Pin=C11-1
Added Pin To Net: NetName=GND Pin=C11-2
Added Pin To Net: NetName=7.2V Pin=C12-1
Added Pin To Net: NetName=GND Pin=C12-2
Added Pin To Net: NetName=5V(S) Pin=C13-1
Added Pin To Net: NetName=GND Pin=C13-2
Added Pin To Net: NetName=GND Pin=C14-1
Added Pin To Net: NetName=7.2V Pin=C14-2
Added Pin To Net: NetName=GND Pin=C15-1
Added Pin To Net: NetName=5V(S) Pin=C15-2
Added Pin To Net: NetName=7.2V Pin=C16-1
Added Pin To Net: NetName=GND Pin=C16-2
Added Pin To Net: NetName=NetC17_1 Pin=C17-1
Added Pin To Net: NetName=NetC17_2 Pin=C17-2
Added Pin To Net: NetName=NetC18_1 Pin=C18-1
Added Pin To Net: NetName=NetC18_2 Pin=C18-2
Added Pin To Net: NetName=12V Pin=C19-1
Added Pin To Net: NetName=GND Pin=C19-2
Added Pin To Net: NetName=12V Pin=C20-1
Added Pin To Net: NetName=GND Pin=C20-2
Added Pin To Net: NetName=7.2V Pin=C21-1
Added Pin To Net: NetName=GND Pin=C21-2
Added Pin To Net: NetName=GND Pin=C22-1
Added Pin To Net: NetName=7.2V Pin=C22-2
Added Pin To Net: NetName=GND Pin=C23-1
Added Pin To Net: NetName=5V(D) Pin=C23-2
Added Pin To Net: NetName=5V(D) Pin=C24-1
Added Pin To Net: NetName=GND Pin=C24-2
Added Pin To Net: NetName=NetD1_1 Pin=D1-1
Added Pin To Net: NetName=12V Pin=D1-2
Added Pin To Net: NetName=12V Pin=D2-1
Added Pin To Net: NetName=NetC17_2 Pin=D2-2
Added Pin To Net: NetName=NetD3_1 Pin=D3-1
Added Pin To Net: NetName=NetD3_2 Pin=D3-2
Added Pin To Net: NetName=NetD3_1 Pin=D4-1
Added Pin To Net: NetName=NetD3_2 Pin=D4-2
Added Pin To Net: NetName=NetD5_1 Pin=D5-1
Added Pin To Net: NetName=NetD5_2 Pin=D5-2
Added Pin To Net: NetName=NetC18_1 Pin=D6-1
Added Pin To Net: NetName=12V Pin=D6-2
Added Pin To Net: NetName=NetD7_1 Pin=D7-1
Added Pin To Net: NetName=NetD7_2 Pin=D7-2
Added Pin To Net: NetName=NetD8_1 Pin=D8-1
Added Pin To Net: NetName=NetD8_2 Pin=D8-2
Added Pin To Net: NetName=Netdianji_1 Pin=dianji-1
Added Pin To Net: NetName=NetC18_2 Pin=dianji-2
Added Pin To Net: NetName=NetBATERY1_2 Pin=FUSE1-1
Added Pin To Net: NetName=NetFUSE1_2 Pin=FUSE1-2
Added Pin To Net: NetName=NetBATERY1_2 Pin=FUSE1-3
Added Pin To Net: NetName=NetFUSE1_2 Pin=FUSE1-4
Added Pin To Net: NetName=PWM2 Pin=H1-1
Added Pin To Net: NetName=PWM1 Pin=H1-2
Added Pin To Net: NetName=EN Pin=H1-3
Added Pin To Net: NetName=NetD1_1 Pin=L1-1
Added Pin To Net: NetName=NetL1_2 Pin=L1-2
Added Pin To Net: NetName=12V Pin=R1-1
Added Pin To Net: NetName=NetR1_2 Pin=R1-2
Added Pin To Net: NetName=NetR2_1 Pin=R2-1
Added Pin To Net: NetName=NetL1_2 Pin=R2-2
Added Pin To Net: NetName=NetL1_2 Pin=R3-1
Added Pin To Net: NetName=7.2V Pin=R3-2
Added Pin To Net: NetName=GND Pin=R4-1
Added Pin To Net: NetName=NetR1_2 Pin=R4-2
Added Pin To Net: NetName=NetD3_2 Pin=R5-1
Added Pin To Net: NetName=NetD3_1 Pin=R5-2
Added Pin To Net: NetName=NetD5_1 Pin=R6-1
Added Pin To Net: NetName=NetD5_2 Pin=R6-2
Added Pin To Net: NetName=NetD7_2 Pin=R7-1
Added Pin To Net: NetName=NetD7_1 Pin=R7-2
Added Pin To Net: NetName=NetD8_1 Pin=R8-1
Added Pin To Net: NetName=NetD8_2 Pin=R8-2
Added Pin To Net: NetName=NetR11_1 Pin=R11-1
Added Pin To Net: NetName=GND Pin=R11-2
Added Pin To Net: NetName=NetR12_1 Pin=R12-1
Added Pin To Net: NetName=GND Pin=R12-2
Added Pin To Net: NetName=NetR13_1 Pin=R13-1
Added Pin To Net: NetName=GND Pin=R13-2
Added Pin To Net: NetName=NetC17_1 Pin=S1-2
Added Pin To Net: NetName=Netdianji_1 Pin=S1-3
Added Pin To Net: NetName=NetFUSE1_2 Pin=SWITCH1-1
Added Pin To Net: NetName=NetFUSE1_2 Pin=SWITCH1-2
Added Pin To Net: NetName=7.2V Pin=SWITCH1-3
Added Pin To Net: NetName=7.2V Pin=U1-1
Added Pin To Net: NetName=GND Pin=U1-2
Added Pin To Net: NetName=5V(3) Pin=U1-3
Added Pin To Net: NetName=NetD1_1 Pin=U2-1
Added Pin To Net: NetName=GND Pin=U2-2
Added Pin To Net: NetName=NetC11_1 Pin=U2-3
Added Pin To Net: NetName=GND Pin=U2-4
Added Pin To Net: NetName=NetR1_2 Pin=U2-5
Added Pin To Net: NetName=7.2V Pin=U2-6
Added Pin To Net: NetName=NetL1_2 Pin=U2-7
Added Pin To Net: NetName=NetR2_1 Pin=U2-8
Added Pin To Net: NetName=7.2V Pin=U3-1
Added Pin To Net: NetName=GND Pin=U3-2
Added Pin To Net: NetName=5V(S) Pin=U3-3
Added Pin To Net: NetName=GND Pin=U4-1
Added Pin To Net: NetName=3.3V Pin=U4-2
Added Pin To Net: NetName=3.3V Pin=U4-2
Added Pin To Net: NetName=5V(3) Pin=U4-3
Added Pin To Net: NetName=PWM1 Pin=U5-1
Added Pin To Net: NetName=EN Pin=U5-2
Added Pin To Net: NetName=PWM1OUT Pin=U5-3
Added Pin To Net: NetName=PWM2 Pin=U5-4
Added Pin To Net: NetName=EN Pin=U5-5
Added Pin To Net: NetName=PWM2OUT Pin=U5-6
Added Pin To Net: NetName=GND Pin=U5-7
Added Pin To Net: NetName=GND Pin=U5-8
Added Pin To Net: NetName=GND Pin=U5-9
Added Pin To Net: NetName=GND Pin=U5-10
Added Pin To Net: NetName=GND Pin=U5-11
Added Pin To Net: NetName=GND Pin=U5-12
Added Pin To Net: NetName=GND Pin=U5-13
Added Pin To Net: NetName=5V(S) Pin=U5-14
Added Pin To Net: NetName=NetD3_1 Pin=U6-1
Added Pin To Net: NetName=7.2V Pin=U6-2
Added Pin To Net: NetName=NetC17_1 Pin=U6-3
Added Pin To Net: NetName=NetD5_1 Pin=U7-1
Added Pin To Net: NetName=7.2V Pin=U7-2
Added Pin To Net: NetName=NetC18_2 Pin=U7-3
Added Pin To Net: NetName=12V Pin=U8-1
Added Pin To Net: NetName=PWM1OUT Pin=U8-2
Added Pin To Net: NetName=12V Pin=U8-3
Added Pin To Net: NetName=GND Pin=U8-4
Added Pin To Net: NetName=NetD7_2 Pin=U8-5
Added Pin To Net: NetName=NetC17_1 Pin=U8-6
Added Pin To Net: NetName=NetD3_2 Pin=U8-7
Added Pin To Net: NetName=NetC17_2 Pin=U8-8
Added Pin To Net: NetName=12V Pin=U9-1
Added Pin To Net: NetName=PWM2OUT Pin=U9-2
Added Pin To Net: NetName=12V Pin=U9-3
Added Pin To Net: NetName=GND Pin=U9-4
Added Pin To Net: NetName=NetD8_2 Pin=U9-5
Added Pin To Net: NetName=NetC18_2 Pin=U9-6
Added Pin To Net: NetName=NetD5_2 Pin=U9-7
Added Pin To Net: NetName=NetC18_1 Pin=U9-8
Added Pin To Net: NetName=NetD8_1 Pin=U10-1
Added Pin To Net: NetName=NetC18_2 Pin=U10-2
Added Pin To Net: NetName=GND Pin=U10-3
Added Pin To Net: NetName=NetD7_1 Pin=U11-1
Added Pin To Net: NetName=NetC17_1 Pin=U11-2
Added Pin To Net: NetName=GND Pin=U11-3
Added Pin To Net: NetName=NetR11_1 Pin=U13-1
Added Pin To Net: NetName=5V(S) Pin=U13-2
Added Pin To Net: NetName=NetR12_1 Pin=U14-1
Added Pin To Net: NetName=5V(D) Pin=U14-2
Added Pin To Net: NetName=NetR13_1 Pin=U15-1
Added Pin To Net: NetName=3.3V Pin=U15-2
Added Pin To Net: NetName=7.2V Pin=U16-1
Added Pin To Net: NetName=GND Pin=U16-2
Added Pin To Net: NetName=5V(D) Pin=U16-3
Added Member To Class: ClassName=2015PCB新 Member=Component BATERY1 7.2V电池
Added Member To Class: ClassName=2015PCB新 Member=Component C1 22uF_3528
Added Member To Class: ClassName=2015PCB新 Member=Component C2 Cap Pol1_1
Added Member To Class: ClassName=2015PCB新 Member=Component C3 Cap Pol1_1
Added Member To Class: ClassName=2015PCB新 Member=Component C4 Cap
Added Member To Class: ClassName=2015PCB新 Member=Component C5 Cap
Added Member To Class: ClassName=2015PCB新 Member=Component C6 Cap Pol1_1
Added Member To Class: ClassName=2015PCB新 Member=Component C7 Cap
Added Member To Class: ClassName=2015PCB新 Member=Component C8 Cap
Added Member To Class: ClassName=2015PCB新 Member=Component C9 Cap Pol1_1
Added Member To Class: ClassName=2015PCB新 Member=Component C10 0.1uF_0805
Added Member To Class: ClassName=2015PCB新 Member=Component C11 470pF
Added Member To Class: ClassName=2015PCB新 Member=Component C12 Cap Pol1_1
Added Member To Class: ClassName=2015PCB新 Member=Component C13 Cap Pol1_1
Added Member To Class: ClassName=2015PCB新 Member=Component C14 Cap
Added Member To Class: ClassName=2015PCB新 Member=Component C15 Cap
Added Member To Class: ClassName=2015PCB新 Member=Component C16 10uf
Added Member To Class: ClassName=2015PCB新 Member=Component C17 4.7uF_0805
Added Member To Class: ClassName=2015PCB新 Member=Component C18 4.7uF_0805
Added Member To Class: ClassName=2015PCB新 Member=Component C19 0.1uF_0805
Added Member To Class: ClassName=2015PCB新 Member=Component C20 0.1uF_0805
Added Member To Class: ClassName=2015PCB新 Member=Component C21 Cap Pol1_1
Added Member To Class: ClassName=2015PCB新 Member=Component C22 Cap
Added Member To Class: ClassName=2015PCB新 Member=Component C23 Cap
Added Member To Class: ClassName=2015PCB新 Member=Component C24 Cap Pol1_1
Added Member To Class: ClassName=2015PCB新 Member=Component D1 1N5819_SMA
Added Member To Class: ClassName=2015PCB新 Member=Component D2 FR107_SMA
Added Member To Class: ClassName=2015PCB新 Member=Component D3 FR107_SMA
Added Member To Class: ClassName=2015PCB新 Member=Component D4 FR107__SMA
Added Member To Class: ClassName=2015PCB新 Member=Component D5 FR107_SMA
Added Member To Class: ClassName=2015PCB新 Member=Component D6 FR107_SMA
Added Member To Class: ClassName=2015PCB新 Member=Component D7 FR107_SMA
Added Member To Class: ClassName=2015PCB新 Member=Component D8 FR107_SMA
Added Member To Class: ClassName=2015PCB新 Member=Component dianji
Added Member To Class: ClassName=2015PCB新 Member=Component erjiguan TVS
Added Member To Class: ClassName=2015PCB新 Member=Component FUSE1 Header 2X2
Added Member To Class: ClassName=2015PCB新 Member=Component H1 HEADER
Added Member To Class: ClassName=2015PCB新 Member=Component L1 Inductor
Added Member To Class: ClassName=2015PCB新 Member=Component R1 10K
Added Member To Class: ClassName=2015PCB新 Member=Component R2 180
Added Member To Class: ClassName=2015PCB新 Member=Component R3 0.22
Added Member To Class: ClassName=2015PCB新 Member=Component R4 1K
Added Member To Class: ClassName=2015PCB新 Member=Component R5 10
Added Member To Class: ClassName=2015PCB新 Member=Component R6 10
Added Member To Class: ClassName=2015PCB新 Member=Component R7 10
Added Member To Class: ClassName=2015PCB新 Member=Component R8 10
Added Member To Class: ClassName=2015PCB新 Member=Component R11 000
Added Member To Class: ClassName=2015PCB新 Member=Component R12 000
Added Member To Class: ClassName=2015PCB新 Member=Component R13 000
Added Member To Class: ClassName=2015PCB新 Member=Component S1 三脚开关
Added Member To Class: ClassName=2015PCB新 Member=Component SWITCH1 单刀双掷开关
Added Member To Class: ClassName=2015PCB新 Member=Component U1 LM2940
Added Member To Class: ClassName=2015PCB新 Member=Component U2 MC34063_sop
Added Member To Class: ClassName=2015PCB新 Member=Component U3 LM2940
Added Member To Class: ClassName=2015PCB新 Member=Component U4 AMS1117
Added Member To Class: ClassName=2015PCB新 Member=Component U5 74HC08D_sop
Added Member To Class: ClassName=2015PCB新 Member=Component U6 LR7843
Added Member To Class: ClassName=2015PCB新 Member=Component U7 LR7843
Added Member To Class: ClassName=2015PCB新 Member=Component U8 IR2104_sop
Added Member To Class: ClassName=2015PCB新 Member=Component U9 IR2104_sop
Added Member To Class: ClassName=2015PCB新 Member=Component U10 LR7843
Added Member To Class: ClassName=2015PCB新 Member=Component U11 LR7843
Added Member To Class: ClassName=2015PCB新 Member=Component U13 插针_5V(A)
Added Member To Class: ClassName=2015PCB新 Member=Component U14 插针_5V(B)
Added Member To Class: ClassName=2015PCB新 Member=Component U15 插针_3.3V
Added Member To Class: ClassName=2015PCB新 Member=Component U16 LM2940
Added Room: Name=2015PCB新
