Removed Pin From Net: NetName=GND Pin=C1-2
Removed Pin From Net: NetName=NetC24_2 Pin=C24-2
Removed Pin From Net: NetName=12V Pin=C26-1
Removed Pin From Net: NetName=GND Pin=C26-2
Removed Pin From Net: NetName=12V Pin=D7-2
Removed Pin From Net: NetName=NetC24_2 Pin=dianji1-2
Removed Pin From Net: NetName=GND Pin=erjiguan1-1
Removed Pin From Net: NetName=7.2V Pin=erjiguan1-2
Removed Pin From Net: NetName=3.3V Pin=H1-1
Removed Pin From Net: NetName=3.3V Pin=H1-2
Removed Pin From Net: NetName=3.3V Pin=H1-3
Removed Pin From Net: NetName=3.3V Pin=H1-4
Removed Pin From Net: NetName=5V(S) Pin=H3-4
Removed Pin From Net: NetName=5V(D) Pin=H3-5
Removed Pin From Net: NetName=PWM1 Pin=H4-1
Removed Pin From Net: NetName=PWM2 Pin=H4-2
Removed Pin From Net: NetName=7.2V Pin=S2-1
Removed Pin From Net: NetName=PWM1 Pin=U7-1
Removed Pin From Net: NetName=EN Pin=U7-2
Removed Pin From Net: NetName=PWM2 Pin=U7-4
Removed Pin From Net: NetName=GND Pin=U7-8
Removed Pin From Net: NetName=GND Pin=U7-9
Removed Pin From Net: NetName=GND Pin=U7-10
Removed Pin From Net: NetName=GND Pin=U7-11
Removed Pin From Net: NetName=GND Pin=U7-12
Removed Pin From Net: NetName=GND Pin=U7-13
Removed Pin From Net: NetName=NetC24_2 Pin=U9-3
Removed Pin From Net: NetName=12V Pin=U10-1
Removed Pin From Net: NetName=12V Pin=U10-3
Removed Pin From Net: NetName=GND Pin=U10-4
Removed Pin From Net: NetName=NetC23_1 Pin=U10-6
Removed Pin From Net: NetName=12V Pin=U11-1
Removed Pin From Net: NetName=12V Pin=U11-3
Removed Pin From Net: NetName=GND Pin=U11-4
Removed Pin From Net: NetName=NetC24_2 Pin=U11-6
Removed Pin From Net: NetName=NetC24_2 Pin=U12-2
Removed Member From Class: ClassName=2015PCB新 Member=C27
Removed Member From Class: ClassName=2015PCB新 Member=D6
Removed Member From Class: ClassName=2015PCB新 Member=D6
Removed Member From Class: ClassName=2015PCB新 Member=D7
Removed Member From Class: ClassName=2015PCB新 Member=D7
Removed Member From Class: ClassName=2015PCB新 Member=D8
Removed Member From Class: ClassName=2015PCB新 Member=D8
Removed Member From Class: ClassName=2015PCB新 Member=D9
Removed Member From Class: ClassName=2015PCB新 Member=D9
Removed Member From Class: ClassName=2015PCB新 Member=U12
Removed Member From Class: ClassName=2015PCB新 Member=U12
Removed Member From Class: ClassName=2015PCB新 Member=U13
Removed Member From Class: ClassName=2015PCB新 Member=U13
Change Component Comment : Designator=R10 Old Comment=10 New Comment=10K
Change Component Comment : Designator=D8 Old Comment=FR107 New Comment=1N5819
Change Component Comment : Designator=D4 Old Comment=FR107 New Comment=1N5819
Change Component Designator: OldDesignator=C23 NewDesignator=C24
Change Component Designator: OldDesignator=C24 NewDesignator=C25
Change Component Designator: OldDesignator=C25 NewDesignator=C26
Change Component Designator: OldDesignator=C27 NewDesignator=C23
Change Component Designator: OldDesignator=D8 NewDesignator=D5
Change Component Designator: OldDesignator=R6 NewDesignator=R7
Change Component Designator: OldDesignator=R7 NewDesignator=R6
Change Component Designator: OldDesignator=R9 NewDesignator=R13
Change Component Designator: OldDesignator=R11 NewDesignator=R9
Change Component Designator: OldDesignator=U12 NewDesignator=U10
Change Component Designator: OldDesignator=U13 NewDesignator=U11
Added Component: Designator=C17(PCBComponent_1)
Added Component: Designator=M1(SO-16)
Added Component: Designator=R11(0805)
Added Component: Designator=R12(0805)
Added Pin To Net: NetName=12V Pin=C17-1
Added Pin To Net: NetName=GND Pin=C17-2
Added Pin To Net: NetName=NetC24_2 Pin=C24-2
Added Pin To Net: NetName=NetC24_2 Pin=D4-2
Added Pin To Net: NetName=12V Pin=D5-1
Added Pin To Net: NetName=5V(S) Pin=H1-1
Added Pin To Net: NetName=5V(S) Pin=H1-2
Added Pin To Net: NetName=5V(S) Pin=H1-3
Added Pin To Net: NetName=5V(S) Pin=H1-4
Added Pin To Net: NetName=5V(D) Pin=H3-4
Added Pin To Net: NetName=5V(S) Pin=H3-5
Added Pin To Net: NetName=PWM2 Pin=H4-1
Added Pin To Net: NetName=PWM1 Pin=H4-2
Added Pin To Net: NetName=NetC24_2 Pin=M1-1
Added Pin To Net: NetName=12V Pin=M1-2
Added Pin To Net: NetName=GND Pin=M1-6
Added Pin To Net: NetName=12V Pin=M1-7
Added Pin To Net: NetName=12V Pin=M1-12
Added Pin To Net: NetName=NetC23_1 Pin=M1-15
Added Pin To Net: NetName=GND Pin=R10-1
Added Pin To Net: NetName=EN Pin=R10-2
Added Pin To Net: NetName=GND Pin=R11-1
Added Pin To Net: NetName=GND Pin=U7-1
Added Pin To Net: NetName=GND Pin=U7-2
Added Pin To Net: NetName=GND Pin=U7-3
Added Pin To Net: NetName=5V(S) Pin=U7-4
Added Pin To Net: NetName=5V(S) Pin=U7-9
Added Pin To Net: NetName=PWM2 Pin=U7-10
Added Pin To Net: NetName=5V(S) Pin=U7-12
Added Pin To Net: NetName=PWM1 Pin=U7-13
Added Pin To Net: NetName=7.2V Pin=U8-2
Added Pin To Net: NetName=7.2V Pin=U9-2
Change Net Name : Old Net Name=NetC23_1 New Net Name=NetC24_1
Added Pin To Net: NetName=ENABLE Pin=M1-8
Added Pin To Net: NetName=ENABLE Pin=U7-6
Added Net: Name=ENABLE
Added Pin To Net: NetName=NetC25_1 Pin=C25-1
Added Pin To Net: NetName=NetC25_1 Pin=dianji1-2
Added Pin To Net: NetName=NetC25_1 Pin=M1-11
Added Pin To Net: NetName=NetC25_1 Pin=U9-3
Added Pin To Net: NetName=NetC25_1 Pin=U10-2
Added Net: Name=NetC25_1
Added Pin To Net: NetName=NetC25_2 Pin=C25-2
Added Pin To Net: NetName=NetC25_2 Pin=D5-2
Added Pin To Net: NetName=NetC25_2 Pin=M1-9
Added Net: Name=NetC25_2
Added Pin To Net: NetName=NetM1_5 Pin=M1-5
Added Pin To Net: NetName=NetM1_5 Pin=R11-2
Added Net: Name=NetM1_5
Added Pin To Net: NetName=NetM1_10 Pin=M1-10
Added Pin To Net: NetName=NetM1_10 Pin=R9-2
Added Net: Name=NetM1_10
Added Pin To Net: NetName=NetM1_13 Pin=M1-13
Added Pin To Net: NetName=NetM1_13 Pin=R13-2
Added Net: Name=NetM1_13
Added Pin To Net: NetName=NetM1_14 Pin=M1-14
Added Pin To Net: NetName=NetM1_14 Pin=R12-1
Added Net: Name=NetM1_14
Added Pin To Net: NetName=NetM1_16 Pin=M1-16
Added Pin To Net: NetName=NetM1_16 Pin=R8-1
Added Net: Name=NetM1_16
Added Pin To Net: NetName=NetR6_1 Pin=R6-1
Added Pin To Net: NetName=NetR6_1 Pin=S2-3
Added Net: Name=NetR6_1
Added Pin To Net: NetName=NetR8_2 Pin=R8-2
Added Pin To Net: NetName=NetR8_2 Pin=U8-1
Added Net: Name=NetR8_2
Added Pin To Net: NetName=NetR9_1 Pin=R9-1
Added Pin To Net: NetName=NetR9_1 Pin=U9-1
Added Net: Name=NetR9_1
Added Pin To Net: NetName=NetR12_2 Pin=R12-2
Added Pin To Net: NetName=NetR12_2 Pin=U11-1
Added Net: Name=NetR12_2
Added Pin To Net: NetName=NetR13_1 Pin=R13-1
Added Pin To Net: NetName=NetR13_1 Pin=U10-1
Added Net: Name=NetR13_1
Added Pin To Net: NetName=PWMIN1 Pin=M1-3
Added Pin To Net: NetName=PWMIN1 Pin=U7-11
Added Net: Name=PWMIN1
Added Pin To Net: NetName=PWMIN2 Pin=M1-4
Added Pin To Net: NetName=PWMIN2 Pin=U7-8
Added Net: Name=PWMIN2
Added Member To Class: ClassName=2015PCB新 Member=Component C17 Cap Pol1_1
Added Member To Class: ClassName=2015PCB新 Member=Component M1 HIP4082
Added Member To Class: ClassName=2015PCB新 Member=Component R12 10
Added Member To Class: ClassName=2015PCB新 Member=Component R13 10
Added Room: Name=2015PCB新
