Remove Pin=K60 144PIN V4.0系统板-105 From Net=XOUT
Remove Pin=K60 144PIN V4.0系统板-106 From Net=YOUT
Remove Pin=K60 144PIN V4.0系统板-107 From Net=ZOUT
Remove Pin=K60 144PIN V4.0系统板-108 From Net=AR2
Remove Pin=K60 144PIN V4.0系统板-201 From Net=PWM_LEFT2
Remove Pin=K60 144PIN V4.0系统板-204 From Net=PWM_LEFT1
Remove Pin=K60 144PIN V4.0系统板-213 From Net=SIGNAL_IN_L6
Remove Pin=K60 144PIN V4.0系统板-217 From Net=SIGNAL_IN_L4
Remove Pin=K60 144PIN V4.0系统板-218 From Net=SIGNAL_IN_L5
Remove Pin=K60 144PIN V4.0系统板-219 From Net=SIGNAL_IN_L2
Remove Pin=K60 144PIN V4.0系统板-220 From Net=SIGNAL_IN_L3
Remove Pin=K60 144PIN V4.0系统板-224 From Net=SIGNAL_IN_L1
Remove Pin=K60 144PIN V4.0系统板-307 From Net=AR1
Remove Pin=K60 144PIN V4.0系统板-322 From Net=FTM2_QDPHA
Remove Pin=K60 144PIN V4.0系统板-323 From Net=FTM2_QDPHB
Remove Pin=K60 144PIN V4.0系统板-324 From Net=FTM1_QDPHA
Remove Pin=K60 144PIN V4.0系统板-325 From Net=FTM1_QDPHB
Remove Pin=K60 144PIN V4.0系统板-409 From Net=PWM_RIGHT1
Remove Pin=K60 144PIN V4.0系统板-410 From Net=PWM_RIGHT2
Remove Pin=K60 144PIN V4.0系统板-421 From Net=SDCARD_MISO
Remove Pin=K60 144PIN V4.0系统板-423 From Net=SDCARD_CLK
Remove Pin=K60 144PIN V4.0系统板-424 From Net=SDCARD_MOSI
Remove Pin=K60 144PIN V4.0系统板-425 From Net=OLED_CS
Remove Pin=K60 144PIN V4.0系统板-426 From Net=SDCARD_CS
Remove Pin=K60 144PIN V4.0系统板-427 From Net=OLED_RST
Remove Pin=K60 144PIN V4.0系统板-428 From Net=OLED_DS
Remove Pin=K60 144PIN V4.0系统板-429 From Net=OLED_D0
Remove Pin=K60 144PIN V4.0系统板-430 From Net=OLED_D1
Remove Pin=oled-D0 From Net=OLED_D0
Remove Pin=oled-D1 From Net=OLED_D1
Remove Pin=oled-RST From Net=OLED_RST
Remove Pin=oled-DS From Net=OLED_DS
Remove Pin=oled-CS From Net=OLED_CS
Remove Pin=omron_encoder_left-PHASE_A From Net=FTM2_QDPHA
Remove Pin=omron_encoder_left-PHASE_B From Net=FTM2_QDPHB
Remove Pin=omron_encoder_right-PHASE_A From Net=FTM1_QDPHA
Remove Pin=omron_encoder_right-PHASE_B From Net=FTM1_QDPHB
Remove Pin=pwm-RIGHT2 From Net=PWM_RIGHT2
Remove Pin=pwm-RIGHT1 From Net=PWM_RIGHT1
Remove Pin=pwm-LEFT1 From Net=PWM_LEFT1
Remove Pin=pwm-LEFT2 From Net=PWM_LEFT2
Remove Pin=R3-1 From Net=PWM_RIGHT1
Remove Pin=R4-1 From Net=PWM_RIGHT2
Remove Pin=R5-1 From Net=SDCARD_CS
Remove Pin=R6-1 From Net=SDCARD_CLK
Remove Pin=R7-1 From Net=SDCARD_MOSI
Remove Pin=R8-1 From Net=SDCARD_MISO
Remove Pin=R9-1 From Net=SIGNAL_IN_L6
Remove Pin=R17-1 From Net=FTM1_QDPHA
Remove Pin=R18-1 From Net=FTM1_QDPHB
Remove Pin=R19-1 From Net=FTM2_QDPHA
Remove Pin=R20-1 From Net=FTM2_QDPHB
Remove Pin=R21-1 From Net=SIGNAL_IN_L5
Remove Pin=R24-1 From Net=SIGNAL_IN_L4
Remove Pin=R25-1 From Net=SIGNAL_IN_L3
Remove Pin=R26-1 From Net=SIGNAL_IN_L2
Remove Pin=R31-1 From Net=PWM_LEFT1
Remove Pin=R45-1 From Net=PWM_LEFT2
Remove Pin=R46-1 From Net=SIGNAL_IN_L1
Remove Pin=sdcard-2 From Net=SDCARD_CS
Remove Pin=sdcard-3 From Net=SDCARD_MOSI
Remove Pin=sdcard-5 From Net=SDCARD_CLK
Remove Pin=sdcard-7 From Net=SDCARD_MISO
Remove Pin=sensor_tuoluoyi-XOUT From Net=XOUT
Remove Pin=sensor_tuoluoyi-YOUT From Net=YOUT
Remove Pin=sensor_tuoluoyi-ZOUT From Net=ZOUT
Remove Pin=sensor_tuoluoyi-AR1 From Net=AR1
Remove Pin=sensor_tuoluoyi-AR2 From Net=AR2
