Added Component: Designator=BSS306N(E3)
Added Component: Designator=C1(RAD-0.3)
Added Component: Designator=C2(RAD-0.3)
Added Component: Designator=C2(RAD-0.3)
Added Component: Designator=C2(RAD-0.3)
Added Component: Designator=C2(RAD-0.3)
Added Component: Designator=C2(RAD-0.3)
Added Component: Designator=C2(RAD-0.3)
Added Component: Designator=C2(RAD-0.3)
Added Component: Designator=C3(RAD-0.3)
Added Component: Designator=C3(RAD-0.3)
Added Component: Designator=C3(RAD-0.3)
Added Component: Designator=C3(RAD-0.3)
Added Component: Designator=C4(RB7.6-15)
Added Component: Designator=C18(RAD-0.3)
Added Component: Designator=CON1(HDR1X2)
Added Component: Designator=D?(3.2X1.6X1.1)
Added Component: Designator=R1(AXIAL-0.4)
Added Component: Designator=R1(AXIAL-0.4)
Added Component: Designator=R2(AXIAL-0.4)
Added Component: Designator=R3(AXIAL-0.4)
Added Component: Designator=R4(AXIAL-0.4)
Added Component: Designator=R5(AXIAL-0.4)
Added Component: Designator=R5(AXIAL-0.4)
Added Component: Designator=R6(AXIAL-0.4)
Added Component: Designator=R6(AXIAL-0.4)
Added Component: Designator=R7(AXIAL-0.4)
Added Component: Designator=R7(AXIAL-0.4)
Added Component: Designator=R8(AXIAL-0.4)
Added Component: Designator=R8(AXIAL-0.4)
Added Component: Designator=R9(AXIAL-0.4)
Added Component: Designator=R9(AXIAL-0.4)
Added Component: Designator=R9(AXIAL-0.4)
Added Component: Designator=R9(AXIAL-0.4)
Added Component: Designator=R9(AXIAL-0.4)
Added Component: Designator=R9(AXIAL-0.4)
Added Component: Designator=R10(AXIAL-0.4)
Added Component: Designator=R10(AXIAL-0.4)
Added Component: Designator=R10(AXIAL-0.4)
Added Component: Designator=R10(AXIAL-0.4)
Added Component: Designator=R10(AXIAL-0.4)
Added Component: Designator=R10(AXIAL-0.4)
Added Component: Designator=R11(AXIAL-0.4)
Added Component: Designator=R11(AXIAL-0.4)
Added Component: Designator=R11(AXIAL-0.4)
Added Component: Designator=R11(AXIAL-0.4)
Added Component: Designator=R11(AXIAL-0.4)
Added Component: Designator=R11(AXIAL-0.4)
Added Component: Designator=R12(AXIAL-0.4)
Added Component: Designator=R12(AXIAL-0.4)
Added Component: Designator=R12(AXIAL-0.4)
Added Component: Designator=R12(AXIAL-0.4)
Added Component: Designator=R12(AXIAL-0.4)
Added Component: Designator=R12(AXIAL-0.4)
Added Component: Designator=R13(VR5)
Added Component: Designator=R13(VR5)
Added Component: Designator=R13(VR5)
Added Component: Designator=R13(VR5)
Added Component: Designator=R13(VR5)
Added Component: Designator=R13(VR5)
Added Component: Designator=R15(AXIAL-0.4)
Added Component: Designator=R16(AXIAL-0.4)
Added Pin To Net: NetName=3.3 Pin=C2-2
Added Pin To Net: NetName=3.3 Pin=C3-2
Added Pin To Net: NetName=3.3 Pin=C18-2
Added Pin To Net: NetName=3.3 Pin=D?-1
Added Pin To Net: NetName=3.3 Pin=R15-2
Added Net: Name=3.3
Added Pin To Net: NetName=3.3V Pin=R5-2
Added Pin To Net: NetName=3.3V Pin=R6-2
Added Pin To Net: NetName=3.3V Pin=R7-2
Added Pin To Net: NetName=3.3V Pin=R8-2
Added Net: Name=3.3V
Added Pin To Net: NetName=5V Pin=R5-2
Added Pin To Net: NetName=5V Pin=R6-2
Added Pin To Net: NetName=5V Pin=R7-2
Added Pin To Net: NetName=5V Pin=R8-2
Added Net: Name=5V
Added Net: Name=AR1
Added Net: Name=AR2
Added Pin To Net: NetName=FTM1_QDPHA Pin=R5-1
Added Net: Name=FTM1_QDPHA
Added Pin To Net: NetName=FTM1_QDPHB Pin=R6-1
Added Net: Name=FTM1_QDPHB
Added Pin To Net: NetName=FTM2_QDPHA Pin=R7-1
Added Net: Name=FTM2_QDPHA
Added Pin To Net: NetName=FTM2_QDPHB Pin=R8-1
Added Net: Name=FTM2_QDPHB
Added Pin To Net: NetName=GND Pin=BSS306N-1
Added Pin To Net: NetName=GND Pin=BSS306N-3
Added Pin To Net: NetName=GND Pin=C1-1
Added Pin To Net: NetName=GND Pin=C2-1
Added Pin To Net: NetName=GND Pin=C2-1
Added Pin To Net: NetName=GND Pin=C2-1
Added Pin To Net: NetName=GND Pin=C2-1
Added Pin To Net: NetName=GND Pin=C2-1
Added Pin To Net: NetName=GND Pin=C2-1
Added Pin To Net: NetName=GND Pin=C3-1
Added Pin To Net: NetName=GND Pin=C3-2
Added Pin To Net: NetName=GND Pin=C3-2
Added Pin To Net: NetName=GND Pin=C3-2
Added Pin To Net: NetName=GND Pin=C4-2
Added Pin To Net: NetName=GND Pin=C18-1
Added Pin To Net: NetName=GND Pin=CON1-1
Added Pin To Net: NetName=GND Pin=R1-1
Added Pin To Net: NetName=GND Pin=R1-2
Added Pin To Net: NetName=GND Pin=R2-2
Added Pin To Net: NetName=GND Pin=R3-2
Added Pin To Net: NetName=GND Pin=R4-2
Added Pin To Net: NetName=GND Pin=R10-1
Added Pin To Net: NetName=GND Pin=R10-1
Added Pin To Net: NetName=GND Pin=R10-1
Added Pin To Net: NetName=GND Pin=R10-1
Added Pin To Net: NetName=GND Pin=R10-1
Added Pin To Net: NetName=GND Pin=R10-1
Added Pin To Net: NetName=GND Pin=R16-1
Added Net: Name=GND
Added Pin To Net: NetName=Net*_1 Pin=BSS306N-2
Added Pin To Net: NetName=Net*_1 Pin=C1-2
Added Pin To Net: NetName=Net*_1 Pin=C4-1
Added Pin To Net: NetName=Net*_1 Pin=CON1-2
Added Net: Name=Net*_1
Added Pin To Net: NetName=Net*_2 Pin=R10-2
Added Pin To Net: NetName=Net*_2 Pin=R11-1
Added Net: Name=Net*_2
Added Pin To Net: NetName=Net*_3 Pin=R9-2
Added Net: Name=Net*_3
Added Pin To Net: NetName=NetD?_2 Pin=D?-2
Added Pin To Net: NetName=NetD?_2 Pin=R1-2
Added Net: Name=NetD?_2
Added Pin To Net: NetName=NetR11_2 Pin=R11-2
Added Pin To Net: NetName=NetR11_2 Pin=R13-2
Added Net: Name=NetR11_2
Added Net: Name=OLED_CS
Added Net: Name=OLED_D0
Added Net: Name=OLED_D1
Added Net: Name=OLED_DS
Added Net: Name=OLED_RST
Added Pin To Net: NetName=PWM_LEFT1 Pin=R1-1
Added Net: Name=PWM_LEFT1
Added Pin To Net: NetName=PWM_LEFT2 Pin=R2-1
Added Net: Name=PWM_LEFT2
Added Pin To Net: NetName=PWM_RIGHT1 Pin=R3-1
Added Net: Name=PWM_RIGHT1
Added Pin To Net: NetName=PWM_RIGHT2 Pin=R4-1
Added Net: Name=PWM_RIGHT2
Added Pin To Net: NetName=SDCARD_CLK Pin=R6-1
Added Net: Name=SDCARD_CLK
Added Pin To Net: NetName=SDCARD_CS Pin=R5-1
Added Net: Name=SDCARD_CS
Added Pin To Net: NetName=SDCARD_MISO Pin=R8-1
Added Net: Name=SDCARD_MISO
Added Pin To Net: NetName=SDCARD_MOSI Pin=R7-1
Added Net: Name=SDCARD_MOSI
Added Pin To Net: NetName=SIGNAL_IN_L1 Pin=R9-1
Added Net: Name=SIGNAL_IN_L1
Added Pin To Net: NetName=SIGNAL_IN_L2 Pin=R9-1
Added Net: Name=SIGNAL_IN_L2
Added Pin To Net: NetName=SIGNAL_IN_L3 Pin=R9-1
Added Net: Name=SIGNAL_IN_L3
Added Pin To Net: NetName=SIGNAL_IN_L4 Pin=R9-1
Added Net: Name=SIGNAL_IN_L4
Added Pin To Net: NetName=SIGNAL_IN_L5 Pin=R9-1
Added Net: Name=SIGNAL_IN_L5
Added Pin To Net: NetName=SIGNAL_IN_L6 Pin=R9-1
Added Net: Name=SIGNAL_IN_L6
Added Pin To Net: NetName=SIGNAL_OUT_L1 Pin=C2-2
Added Pin To Net: NetName=SIGNAL_OUT_L1 Pin=R12-2
Added Net: Name=SIGNAL_OUT_L1
Added Pin To Net: NetName=SIGNAL_OUT_L2 Pin=C2-2
Added Pin To Net: NetName=SIGNAL_OUT_L2 Pin=R12-2
Added Net: Name=SIGNAL_OUT_L2
Added Pin To Net: NetName=SIGNAL_OUT_L3 Pin=C2-2
Added Pin To Net: NetName=SIGNAL_OUT_L3 Pin=R12-2
Added Net: Name=SIGNAL_OUT_L3
Added Pin To Net: NetName=SIGNAL_OUT_L4 Pin=C2-2
Added Pin To Net: NetName=SIGNAL_OUT_L4 Pin=R12-2
Added Net: Name=SIGNAL_OUT_L4
Added Pin To Net: NetName=SIGNAL_OUT_L5 Pin=C2-2
Added Pin To Net: NetName=SIGNAL_OUT_L5 Pin=R12-2
Added Net: Name=SIGNAL_OUT_L5
Added Pin To Net: NetName=SIGNAL_OUT_L6 Pin=C2-2
Added Pin To Net: NetName=SIGNAL_OUT_L6 Pin=R12-2
Added Net: Name=SIGNAL_OUT_L6
Added Net: Name=VCC
Added Net: Name=XOUT
Added Net: Name=YOUT
Added Net: Name=ZOUT
Added Class: Name=control
Added Room: Name=control
