Change Component Footprint: Designator=C2 Old Footprint=6-0805_M New Footprint=0805
Change Component Footprint: Designator=C3 Old Footprint=6-0805_M New Footprint=0805
Change Component Footprint: Designator=C16 Old Footprint=6-0805_M New Footprint=0805
Change Component Footprint: Designator=C18 Old Footprint=6-0805_M New Footprint=0805
Change Component Footprint: Designator=C30 Old Footprint=6-0805_M New Footprint=0805
Change Component Footprint: Designator=C31 Old Footprint=6-0805_M New Footprint=0805
Change Component Footprint: Designator=C32 Old Footprint=6-0805_M New Footprint=0805
Change Component Footprint: Designator=CA1 Old Footprint=6-0805_M New Footprint=0805
Change Component Footprint: Designator=CB1 Old Footprint=6-0805_M New Footprint=0805
Change Component Footprint: Designator=CB2 Old Footprint=6-0805_M New Footprint=0805
Change Component Footprint: Designator=CC3 Old Footprint=6-0805_M New Footprint=0805
Change Component Footprint: Designator=CD1 Old Footprint=6-0805_M New Footprint=0805
Change Component Footprint: Designator=CD2 Old Footprint=6-0805_M New Footprint=0805
Change Component Footprint: Designator=CE1 Old Footprint=6-0805_M New Footprint=0805
Change Component Footprint: Designator=F1 Old Footprint=6-0805_M New Footprint=0805
Change Component Footprint: Designator=LED_3.3_1 Old Footprint=6-0805_M New Footprint=0805
Change Component Footprint: Designator=LED_3.3_2 Old Footprint=6-0805_M New Footprint=0805
Change Component Footprint: Designator=LED_5 Old Footprint=6-0805_M New Footprint=0805
Change Component Footprint: Designator=R1 Old Footprint=6-0805_M New Footprint=0805
Change Component Footprint: Designator=R2 Old Footprint=6-0805_M New Footprint=0805
Change Component Footprint: Designator=R10k_8 Old Footprint=6-0805_M New Footprint=0805
Change Component Footprint: Designator=R15 Old Footprint=6-0805_M New Footprint=0805
Change Component Footprint: Designator=R60 Old Footprint=6-0805_M New Footprint=0805
Change Component Footprint: Designator=R61 Old Footprint=6-0805_M New Footprint=0805
Change Component Footprint: Designator=RA1 Old Footprint=6-0805_M New Footprint=0805
Change Component Footprint: Designator=RA2 Old Footprint=6-0805_M New Footprint=0805
Change Component Footprint: Designator=RA3 Old Footprint=6-0805_M New Footprint=0805
Change Component Footprint: Designator=RA4 Old Footprint=6-0805_M New Footprint=0805
Change Component Footprint: Designator=RB1 Old Footprint=6-0805_M New Footprint=0805
Change Component Footprint: Designator=RB2 Old Footprint=6-0805_M New Footprint=0805
Change Component Footprint: Designator=RB3 Old Footprint=6-0805_M New Footprint=0805
Change Component Footprint: Designator=RB4 Old Footprint=6-0805_M New Footprint=0805
Change Component Footprint: Designator=RC1 Old Footprint=6-0805_M New Footprint=0805
Change Component Footprint: Designator=RC2 Old Footprint=6-0805_M New Footprint=0805
Change Component Footprint: Designator=RC3 Old Footprint=6-0805_M New Footprint=0805
Change Component Footprint: Designator=RC4 Old Footprint=6-0805_M New Footprint=0805
Change Component Footprint: Designator=RD1 Old Footprint=6-0805_M New Footprint=0805
Change Component Footprint: Designator=RD2 Old Footprint=6-0805_M New Footprint=0805
Change Component Footprint: Designator=RD3 Old Footprint=6-0805_M New Footprint=0805
Change Component Footprint: Designator=RD4 Old Footprint=6-0805_M New Footprint=0805
Change Component Footprint: Designator=RE1 Old Footprint=6-0805_M New Footprint=0805
Change Component Footprint: Designator=RE2 Old Footprint=6-0805_M New Footprint=0805
Change Component Footprint: Designator=RE3 Old Footprint=6-0805_M New Footprint=0805
Change Component Footprint: Designator=RE4 Old Footprint=6-0805_M New Footprint=0805
Change Component Footprint: Designator=RF1 Old Footprint=6-0805_M New Footprint=0805
Change Component Footprint: Designator=RF2 Old Footprint=6-0805_M New Footprint=0805
Change Component Footprint: Designator=RF3 Old Footprint=6-0805_M New Footprint=0805
Change Component Footprint: Designator=RF4 Old Footprint=6-0805_M New Footprint=0805
Added Room: Name=control
