Removed Pin From Net: NetName=SDCARD_CS Pin=R5-1
Removed Pin From Net: NetName=3.3V Pin=R5-2
Removed Pin From Net: NetName=SDCARD_CLK Pin=R6-1
Removed Pin From Net: NetName=3.3V Pin=R6-2
Removed Pin From Net: NetName=SDCARD_MOSI Pin=R7-1
Removed Pin From Net: NetName=3.3V Pin=R7-2
Removed Pin From Net: NetName=SDCARD_MISO Pin=R8-1
Removed Pin From Net: NetName=3.3V Pin=R8-2
Removed Member From Class: ClassName=control Member=R5
Removed Member From Class: ClassName=control Member=R6
Removed Member From Class: ClassName=control Member=R7
Removed Member From Class: ClassName=control Member=R8
Added Component: Designator=paizu1(DIP-16)
Added Pin To Net: NetName=SDCARD_CS Pin=paizu1-1
Added Pin To Net: NetName=SDCARD_CLK Pin=paizu1-2
Added Pin To Net: NetName=SDCARD_MOSI Pin=paizu1-3
Added Pin To Net: NetName=SDCARD_MISO Pin=paizu1-4
Added Pin To Net: NetName=3.3V Pin=paizu1-13
Added Pin To Net: NetName=3.3V Pin=paizu1-14
Added Pin To Net: NetName=3.3V Pin=paizu1-15
Added Pin To Net: NetName=3.3V Pin=paizu1-16
Added Pin To Net: NetName=NetR12_1 Pin=R13-1
Added Pin To Net: NetName=NetR11_2 Pin=R13-2
Added Pin To Net: NetName=NetR12_1 Pin=R13-3
Added Pin To Net: NetName=NetR37_1 Pin=R41-1
Added Pin To Net: NetName=NetR32_2 Pin=R41-2
Added Pin To Net: NetName=NetR37_1 Pin=R41-3
Added Pin To Net: NetName=NetR38_1 Pin=R42-1
Added Pin To Net: NetName=NetR33_2 Pin=R42-2
Added Pin To Net: NetName=NetR38_1 Pin=R42-3
Added Pin To Net: NetName=NetR43_1 Pin=R43-1
Added Pin To Net: NetName=NetR35_2 Pin=R43-2
Added Pin To Net: NetName=NetR43_1 Pin=R43-3
Added Pin To Net: NetName=NetR40_1 Pin=R44-1
Added Pin To Net: NetName=NetR36_2 Pin=R44-2
Added Pin To Net: NetName=NetR40_1 Pin=R44-3
Added Pin To Net: NetName=NetR39_1 Pin=R49-1
Added Pin To Net: NetName=NetR34_2 Pin=R49-2
Added Pin To Net: NetName=NetR39_1 Pin=R49-3
Added Member To Class: ClassName=control Member=Component paizu1
