Removed Pin From Net: NetName=SDCARD_CLK Pin=paizu1-2
Removed Pin From Net: NetName=SDCARD_MOSI Pin=paizu1-3
Removed Pin From Net: NetName=SDCARD_MISO Pin=paizu1-4
Removed Pin From Net: NetName=3.3V Pin=paizu1-13
Removed Pin From Net: NetName=3.3V Pin=paizu1-14
Removed Pin From Net: NetName=3.3V Pin=paizu1-15
Removed Pin From Net: NetName=3.3V Pin=paizu1-16
Removed Pin From Net: NetName=PWM_RIGHT1 Pin=R3-1
Removed Pin From Net: NetName=GND Pin=R3-2
Removed Pin From Net: NetName=PWM_RIGHT2 Pin=R4-1
Removed Pin From Net: NetName=GND Pin=R4-2
Removed Pin From Net: NetName=FTM1_QDPHA Pin=R17-1
Removed Pin From Net: NetName=5V Pin=R17-2
Removed Pin From Net: NetName=FTM1_QDPHB Pin=R18-1
Removed Pin From Net: NetName=5V Pin=R18-2
Removed Pin From Net: NetName=FTM2_QDPHA Pin=R19-1
Removed Pin From Net: NetName=5V Pin=R19-2
Removed Pin From Net: NetName=FTM2_QDPHB Pin=R20-1
Removed Pin From Net: NetName=5V Pin=R20-2
Removed Pin From Net: NetName=PWM_LEFT1 Pin=R31-1
Removed Pin From Net: NetName=GND Pin=R31-2
Removed Pin From Net: NetName=PWM_LEFT2 Pin=R45-1
Removed Pin From Net: NetName=GND Pin=R45-2
Removed Member From Class: ClassName=control Member=R3
Removed Member From Class: ClassName=control Member=R4
Removed Member From Class: ClassName=control Member=R17
Removed Member From Class: ClassName=control Member=R18
Removed Member From Class: ClassName=control Member=R19
Removed Member From Class: ClassName=control Member=R20
Removed Member From Class: ClassName=control Member=R31
Removed Member From Class: ClassName=control Member=R45
Change Component DesignItemId : Designator=paizu1 Old DesignItemId=Res Pack2 New DesignItemId=paizu_1206
Change Component Comment : Designator=paizu1 Old Comment=paizu1 New Comment=paizu_1206
Change Component Description : Designator=paizu1 Old Description=Isolated Resistor Network - Parts New Description=
Change Component Library : Designator=paizu1 Old Library=Miscellaneous Devices.IntLib New Library=Schlib_k60_core.SchLib
Added Pin To Net: NetName=3.3V Pin=paizu1-2
Added Pin To Net: NetName=SDCARD_CLK Pin=paizu1-3
Added Pin To Net: NetName=3.3V Pin=paizu1-4
Added Pin To Net: NetName=SDCARD_MOSI Pin=paizu1-5
Added Pin To Net: NetName=3.3V Pin=paizu1-6
Added Pin To Net: NetName=SDCARD_MISO Pin=paizu1-7
Added Pin To Net: NetName=3.3V Pin=paizu1-8
