Added Component: Designator=interface_sdcard(MHDR1X5)
Added Pin To Net: NetName=GND Pin=interface_sdcard-1
Added Pin To Net: NetName=SDCARD_CS Pin=interface_sdcard-2
Added Pin To Net: NetName=SDCARD_CLK Pin=interface_sdcard-3
Added Pin To Net: NetName=SDCARD_MOSI Pin=interface_sdcard-4
Added Pin To Net: NetName=SDCARD_MISO Pin=interface_sdcard-5
Added Pin To Net: NetName=NetR12_1 Pin=R13-1
Added Pin To Net: NetName=NetR11_2 Pin=R13-2
Added Pin To Net: NetName=NetR12_1 Pin=R13-3
Added Pin To Net: NetName=NetR37_1 Pin=R41-1
Added Pin To Net: NetName=NetR32_2 Pin=R41-2
Added Pin To Net: NetName=NetR37_1 Pin=R41-3
Added Pin To Net: NetName=NetR38_1 Pin=R42-1
Added Pin To Net: NetName=NetR33_2 Pin=R42-2
Added Pin To Net: NetName=NetR38_1 Pin=R42-3
Added Pin To Net: NetName=NetR43_1 Pin=R43-1
Added Pin To Net: NetName=NetR35_2 Pin=R43-2
Added Pin To Net: NetName=NetR43_1 Pin=R43-3
Added Pin To Net: NetName=NetR40_1 Pin=R44-1
Added Pin To Net: NetName=NetR36_2 Pin=R44-2
Added Pin To Net: NetName=NetR40_1 Pin=R44-3
Added Pin To Net: NetName=NetR39_1 Pin=R49-1
Added Pin To Net: NetName=NetR34_2 Pin=R49-2
Added Pin To Net: NetName=NetR39_1 Pin=R49-3
Added Member To Class: ClassName=control Member=Component interface_sdcard
