Added Component: Designator=K60 144PIN V4.0系统板(K60 V4.0最小系统版)
Added Pin To Net: NetName=XOUT Pin=K60 144PIN V4.0系统板-105
Added Pin To Net: NetName=YOUT Pin=K60 144PIN V4.0系统板-106
Added Pin To Net: NetName=ZOUT Pin=K60 144PIN V4.0系统板-107
Added Pin To Net: NetName=AR2 Pin=K60 144PIN V4.0系统板-108
Added Pin To Net: NetName=PWM_LEFT2 Pin=K60 144PIN V4.0系统板-201
Added Pin To Net: NetName=PWM_LEFT1 Pin=K60 144PIN V4.0系统板-204
Added Pin To Net: NetName=SIGNAL_IN_L6 Pin=K60 144PIN V4.0系统板-213
Added Pin To Net: NetName=SIGNAL_IN_L4 Pin=K60 144PIN V4.0系统板-217
Added Pin To Net: NetName=SIGNAL_IN_L5 Pin=K60 144PIN V4.0系统板-218
Added Pin To Net: NetName=SIGNAL_IN_L2 Pin=K60 144PIN V4.0系统板-219
Added Pin To Net: NetName=SIGNAL_IN_L3 Pin=K60 144PIN V4.0系统板-220
Added Pin To Net: NetName=SIGNAL_IN_L1 Pin=K60 144PIN V4.0系统板-224
Added Pin To Net: NetName=AR1 Pin=K60 144PIN V4.0系统板-307
Added Pin To Net: NetName=FTM2_QDPHA Pin=K60 144PIN V4.0系统板-322
Added Pin To Net: NetName=FTM2_QDPHB Pin=K60 144PIN V4.0系统板-323
Added Pin To Net: NetName=FTM1_QDPHA Pin=K60 144PIN V4.0系统板-324
Added Pin To Net: NetName=FTM1_QDPHB Pin=K60 144PIN V4.0系统板-325
Added Pin To Net: NetName=UART_TX Pin=K60 144PIN V4.0系统板-326
Added Pin To Net: NetName=UART_RX Pin=K60 144PIN V4.0系统板-327
Added Pin To Net: NetName=GND Pin=K60 144PIN V4.0系统板-401
Added Pin To Net: NetName=PWM_RIGHT1 Pin=K60 144PIN V4.0系统板-409
Added Pin To Net: NetName=PWM_RIGHT2 Pin=K60 144PIN V4.0系统板-410
Added Pin To Net: NetName=BUTTON6 Pin=K60 144PIN V4.0系统板-415
Added Pin To Net: NetName=BUTTON7 Pin=K60 144PIN V4.0系统板-416
Added Pin To Net: NetName=BUTTON4 Pin=K60 144PIN V4.0系统板-417
Added Pin To Net: NetName=BUTTON5 Pin=K60 144PIN V4.0系统板-418
Added Pin To Net: NetName=BUTTON2 Pin=K60 144PIN V4.0系统板-419
Added Pin To Net: NetName=BUTTON3 Pin=K60 144PIN V4.0系统板-420
Added Pin To Net: NetName=SDCARD_MISO Pin=K60 144PIN V4.0系统板-421
Added Pin To Net: NetName=BUTTON1 Pin=K60 144PIN V4.0系统板-422
Added Pin To Net: NetName=SDCARD_CLK Pin=K60 144PIN V4.0系统板-423
Added Pin To Net: NetName=SDCARD_MOSI Pin=K60 144PIN V4.0系统板-424
Added Pin To Net: NetName=OLED_CS Pin=K60 144PIN V4.0系统板-425
Added Pin To Net: NetName=SDCARD_CS Pin=K60 144PIN V4.0系统板-426
Added Pin To Net: NetName=OLED_RST Pin=K60 144PIN V4.0系统板-427
Added Pin To Net: NetName=OLED_DS Pin=K60 144PIN V4.0系统板-428
Added Pin To Net: NetName=OLED_D0 Pin=K60 144PIN V4.0系统板-429
Added Pin To Net: NetName=OLED_D1 Pin=K60 144PIN V4.0系统板-430
Added Pin To Net: NetName=5V Pin=K60 144PIN V4.0系统板-432
Added Pin To Net: NetName=NetR12_1 Pin=R13-1
Added Pin To Net: NetName=NetR11_2 Pin=R13-2
Added Pin To Net: NetName=NetR12_1 Pin=R13-3
Added Pin To Net: NetName=NetR37_1 Pin=R41-1
Added Pin To Net: NetName=NetR32_2 Pin=R41-2
Added Pin To Net: NetName=NetR37_1 Pin=R41-3
Added Pin To Net: NetName=NetR38_1 Pin=R42-1
Added Pin To Net: NetName=NetR33_2 Pin=R42-2
Added Pin To Net: NetName=NetR38_1 Pin=R42-3
Added Pin To Net: NetName=NetR43_1 Pin=R43-1
Added Pin To Net: NetName=NetR35_2 Pin=R43-2
Added Pin To Net: NetName=NetR43_1 Pin=R43-3
Added Pin To Net: NetName=NetR40_1 Pin=R44-1
Added Pin To Net: NetName=NetR36_2 Pin=R44-2
Added Pin To Net: NetName=NetR40_1 Pin=R44-3
Added Pin To Net: NetName=NetR39_1 Pin=R49-1
Added Pin To Net: NetName=NetR34_2 Pin=R49-2
Added Pin To Net: NetName=NetR39_1 Pin=R49-3
Added Member To Class: ClassName=control Member=Component K60 144PIN V4.0系统板 U?
