Removed Pin From Net: NetName=NetBSS306N_2 Pin=C5-1
Removed Pin From Net: NetName=GND Pin=C5-2
Removed Pin From Net: NetName=NetC6_1 Pin=C7-1
Removed Pin From Net: NetName=GND Pin=C7-2
Removed Pin From Net: NetName=SIGNAL_IN_L6 Pin=K60 144PIN V4.0系统板-213
Removed Pin From Net: NetName=SIGNAL_IN_L4 Pin=K60 144PIN V4.0系统板-217
Removed Pin From Net: NetName=SIGNAL_IN_L5 Pin=K60 144PIN V4.0系统板-218
Removed Pin From Net: NetName=SIGNAL_IN_L2 Pin=K60 144PIN V4.0系统板-219
Removed Pin From Net: NetName=SIGNAL_IN_L3 Pin=K60 144PIN V4.0系统板-220
Removed Pin From Net: NetName=SIGNAL_IN_L1 Pin=K60 144PIN V4.0系统板-224
Change Component Footprint: Designator=sensor_tuoluoyi Old Footprint=HDR1X7 New Footprint=HDR1X7H
Change Component Footprint: Designator=C5 Old Footprint=RAD-0.1 New Footprint=钽电容_小
Change Component Footprint: Designator=C7 Old Footprint=RAD-0.1 New Footprint=钽电容_小
Added Component: Designator=CON1(接线端子)
Added Component: Designator=interface_dianci(HDR1X7H)
Added Pin To Net: NetName=GND Pin=C5-1
Added Pin To Net: NetName=NetBSS306N_2 Pin=C5-2
Added Pin To Net: NetName=GND Pin=C7-1
Added Pin To Net: NetName=NetC6_1 Pin=C7-2
Added Pin To Net: NetName=GND Pin=CON1-1
Added Pin To Net: NetName=NetBSS306N_2 Pin=CON1-2
Added Pin To Net: NetName=GND Pin=interface_dianci-1
Added Pin To Net: NetName=SIGNAL_IN_L1 Pin=interface_dianci-2
Added Pin To Net: NetName=SIGNAL_IN_L2 Pin=interface_dianci-3
Added Pin To Net: NetName=SIGNAL_IN_L3 Pin=interface_dianci-4
Added Pin To Net: NetName=SIGNAL_IN_L4 Pin=interface_dianci-5
Added Pin To Net: NetName=SIGNAL_IN_L5 Pin=interface_dianci-6
Added Pin To Net: NetName=SIGNAL_IN_L6 Pin=interface_dianci-7
Added Pin To Net: NetName=SIGNAL_OUT_L6 Pin=K60 144PIN V4.0系统板-213
Added Pin To Net: NetName=SIGNAL_OUT_L4 Pin=K60 144PIN V4.0系统板-217
Added Pin To Net: NetName=SIGNAL_OUT_L5 Pin=K60 144PIN V4.0系统板-218
Added Pin To Net: NetName=SIGNAL_OUT_L2 Pin=K60 144PIN V4.0系统板-219
Added Pin To Net: NetName=SIGNAL_OUT_L3 Pin=K60 144PIN V4.0系统板-220
Added Pin To Net: NetName=SIGNAL_OUT_L1 Pin=K60 144PIN V4.0系统板-224
Added Pin To Net: NetName=GND Pin=K60 144PIN V4.0系统板-331
Added Pin To Net: NetName=GND Pin=K60 144PIN V4.0系统板-332
Added Pin To Net: NetName=NetR12_1 Pin=R13-1
Added Pin To Net: NetName=NetR11_2 Pin=R13-2
Added Pin To Net: NetName=NetR12_1 Pin=R13-3
Added Pin To Net: NetName=NetR37_1 Pin=R41-1
Added Pin To Net: NetName=NetR32_2 Pin=R41-2
Added Pin To Net: NetName=NetR37_1 Pin=R41-3
Added Pin To Net: NetName=NetR38_1 Pin=R42-1
Added Pin To Net: NetName=NetR33_2 Pin=R42-2
Added Pin To Net: NetName=NetR38_1 Pin=R42-3
Added Pin To Net: NetName=NetR43_1 Pin=R43-1
Added Pin To Net: NetName=NetR35_2 Pin=R43-2
Added Pin To Net: NetName=NetR43_1 Pin=R43-3
Added Pin To Net: NetName=NetR40_1 Pin=R44-1
Added Pin To Net: NetName=NetR36_2 Pin=R44-2
Added Pin To Net: NetName=NetR40_1 Pin=R44-3
Added Pin To Net: NetName=NetR39_1 Pin=R49-1
Added Pin To Net: NetName=NetR34_2 Pin=R49-2
Added Pin To Net: NetName=NetR39_1 Pin=R49-3
Added Member To Class: ClassName=control Member=Component CON1 PowerIn
Added Member To Class: ClassName=control Member=Component interface_dianci
Added Room: Name=control
