Change Component Designator: OldDesignator=dianci NewDesignator=interface_dianci
Change Component Designator: OldDesignator=omron_left NewDesignator=omron_encoder_left
Change Component Designator: OldDesignator=omron_right NewDesignator=omron_encoder_right
Change Component Designator: OldDesignator=R13 NewDesignator=dianciR6
Change Component Designator: OldDesignator=R41 NewDesignator=dianciR5
Change Component Designator: OldDesignator=R42 NewDesignator=dianciR4
Change Component Designator: OldDesignator=R43 NewDesignator=dianciR2
Change Component Designator: OldDesignator=R44 NewDesignator=dianciR1
Change Component Designator: OldDesignator=R49 NewDesignator=dianciR3
Change Component Designator: OldDesignator=sdcard NewDesignator=interface_sdcard
Change Component Designator: OldDesignator=tuoluoyi NewDesignator=sensor_tuoluoyi
Change Net Name : Old Net Name=NetR11_2 New Net Name=NetdianciR6_2
Change Net Name : Old Net Name=NetR12_1 New Net Name=NetdianciR6_1
Change Net Name : Old Net Name=NetR32_2 New Net Name=NetdianciR5_2
Change Net Name : Old Net Name=NetR33_2 New Net Name=NetdianciR4_2
Change Net Name : Old Net Name=NetR34_2 New Net Name=NetdianciR3_2
Change Net Name : Old Net Name=NetR35_2 New Net Name=NetdianciR2_2
Change Net Name : Old Net Name=NetR36_2 New Net Name=NetdianciR1_2
Change Net Name : Old Net Name=NetR37_1 New Net Name=NetdianciR5_1
Change Net Name : Old Net Name=NetR38_1 New Net Name=NetdianciR4_1
Change Net Name : Old Net Name=NetR39_1 New Net Name=NetdianciR3_1
Change Net Name : Old Net Name=NetR40_1 New Net Name=NetdianciR1_1
Change Net Name : Old Net Name=NetR43_1 New Net Name=NetdianciR2_1
Added Member To Class: ClassName=control Member=Component interface_sdcard
Added Room: Name=control
