Added Component: Designator=BSS306N(E3)
Added Component: Designator=button1(SPST-2)
Added Component: Designator=button2(SPST-2)
Added Component: Designator=button3(SPST-2)
Added Component: Designator=button4(SPST-2)
Added Component: Designator=button5(SPST-2)
Added Component: Designator=button6(SPST-2)
Added Component: Designator=button7(SPST-2)
Added Component: Designator=C1(6-0805_M)
Added Component: Designator=C2(6-0805_M)
Added Component: Designator=C3(6-0805_M)
Added Component: Designator=C4(RB7.6-15)
Added Component: Designator=C5(6-0805_M)
Added Component: Designator=C6(6-0805_M)
Added Component: Designator=C7(6-0805_M)
Added Component: Designator=C8(6-0805_M)
Added Component: Designator=C9(6-0805_M)
Added Component: Designator=C10(6-0805_M)
Added Component: Designator=C11(6-0805_M)
Added Component: Designator=C12(6-0805_M)
Added Component: Designator=C13(6-0805_M)
Added Component: Designator=C14(6-0805_M)
Added Component: Designator=C15(6-0805_M)
Added Component: Designator=C16(6-0805_M)
Added Component: Designator=C18(6-0805_M)
Added Component: Designator=C30(6-0805_M)
Added Component: Designator=C31(6-0805_M)
Added Component: Designator=C32(6-0805_M)
Added Component: Designator=CON1(HDR1X2)
Added Component: Designator=D5(6-0805_M)
Added Component: Designator=D6(6-0805_M)
Added Component: Designator=D10(6-0805_M)
Added Component: Designator=F1(PIN-W2/E2.8)
Added Component: Designator=oled(HDR1X7H)
Added Component: Designator=omron_encoder_left(HDR1X4H)
Added Component: Designator=omron_encoder_right(HDR1X4H)
Added Component: Designator=pwm(HDR1X5H)
Added Component: Designator=R1(6-0805_M)
Added Component: Designator=R2(6-0805_M)
Added Component: Designator=R3(6-0805_M)
Added Component: Designator=R4(6-0805_M)
Added Component: Designator=R5(6-0805_M)
Added Component: Designator=R6(6-0805_M)
Added Component: Designator=R7(6-0805_M)
Added Component: Designator=R8(6-0805_M)
Added Component: Designator=R9(6-0805_M)
Added Component: Designator=R10(6-0805_M)
Added Component: Designator=R11(6-0805_M)
Added Component: Designator=R12(6-0805_M)
Added Component: Designator=R13(VR5)
Added Component: Designator=R15(6-0805_M)
Added Component: Designator=R16(6-0805_M)
Added Component: Designator=R17(6-0805_M)
Added Component: Designator=R18(6-0805_M)
Added Component: Designator=R19(6-0805_M)
Added Component: Designator=R20(6-0805_M)
Added Component: Designator=R21(6-0805_M)
Added Component: Designator=R24(6-0805_M)
Added Component: Designator=R25(6-0805_M)
Added Component: Designator=R26(6-0805_M)
Added Component: Designator=R27(6-0805_M)
Added Component: Designator=R28(6-0805_M)
Added Component: Designator=R29(6-0805_M)
Added Component: Designator=R30(6-0805_M)
Added Component: Designator=R31(6-0805_M)
Added Component: Designator=R32(6-0805_M)
Added Component: Designator=R33(6-0805_M)
Added Component: Designator=R34(6-0805_M)
Added Component: Designator=R35(6-0805_M)
Added Component: Designator=R36(6-0805_M)
Added Component: Designator=R37(6-0805_M)
Added Component: Designator=R38(6-0805_M)
Added Component: Designator=R39(6-0805_M)
Added Component: Designator=R40(6-0805_M)
Added Component: Designator=R41(VR5)
Added Component: Designator=R42(VR5)
Added Component: Designator=R43(VR5)
Added Component: Designator=R44(VR5)
Added Component: Designator=R45(6-0805_M)
Added Component: Designator=R46(6-0805_M)
Added Component: Designator=R47(6-0805_M)
Added Component: Designator=R48(6-0805_M)
Added Component: Designator=R49(VR5)
Added Component: Designator=R50(6-0805_M)
Added Component: Designator=R60(6-0805_M)
Added Component: Designator=R61(6-0805_M)
Added Component: Designator=R62(6-0805_M)
Added Component: Designator=S8(SPST-2)
Added Component: Designator=sensor_tuoluoyi(HDR1X7H)
Added Pin To Net: NetName=3.3V Pin=C2-2
Added Pin To Net: NetName=3.3V Pin=C3-2
Added Pin To Net: NetName=3.3V Pin=C18-2
Added Pin To Net: NetName=3.3V Pin=C30-2
Added Pin To Net: NetName=3.3V Pin=C31-2
Added Pin To Net: NetName=3.3V Pin=C32-2
Added Pin To Net: NetName=3.3V Pin=D5-1
Added Pin To Net: NetName=3.3V Pin=D10-1
Added Pin To Net: NetName=3.3V Pin=oled-2
Added Pin To Net: NetName=3.3V Pin=R5-2
Added Pin To Net: NetName=3.3V Pin=R6-2
Added Pin To Net: NetName=3.3V Pin=R7-2
Added Pin To Net: NetName=3.3V Pin=R8-2
Added Pin To Net: NetName=3.3V Pin=R15-2
Added Pin To Net: NetName=3.3V Pin=R50-2
Added Pin To Net: NetName=3.3V Pin=R61-2
Added Pin To Net: NetName=3.3V Pin=sensor_tuoluoyi-5
Added Net: Name=3.3V
Added Pin To Net: NetName=5V Pin=D6-1
Added Pin To Net: NetName=5V Pin=F1-2
Added Pin To Net: NetName=5V Pin=omron_encoder_left-2
Added Pin To Net: NetName=5V Pin=omron_encoder_right-2
Added Pin To Net: NetName=5V Pin=R17-2
Added Pin To Net: NetName=5V Pin=R18-2
Added Pin To Net: NetName=5V Pin=R19-2
Added Pin To Net: NetName=5V Pin=R20-2
Added Net: Name=5V
Added Pin To Net: NetName=BUTTON1 Pin=button1-1
Added Net: Name=BUTTON1
Added Pin To Net: NetName=BUTTON2 Pin=button2-1
Added Net: Name=BUTTON2
Added Pin To Net: NetName=BUTTON3 Pin=button3-1
Added Net: Name=BUTTON3
Added Pin To Net: NetName=BUTTON4 Pin=button4-1
Added Net: Name=BUTTON4
Added Pin To Net: NetName=BUTTON5 Pin=button5-1
Added Net: Name=BUTTON5
Added Pin To Net: NetName=BUTTON6 Pin=button6-1
Added Net: Name=BUTTON6
Added Pin To Net: NetName=BUTTON7 Pin=button7-1
Added Net: Name=BUTTON7
Added Pin To Net: NetName=GND Pin=BSS306N-1
Added Pin To Net: NetName=GND Pin=BSS306N-3
Added Pin To Net: NetName=GND Pin=button1-2
Added Pin To Net: NetName=GND Pin=button2-2
Added Pin To Net: NetName=GND Pin=button3-2
Added Pin To Net: NetName=GND Pin=button4-2
Added Pin To Net: NetName=GND Pin=button5-2
Added Pin To Net: NetName=GND Pin=button6-2
Added Pin To Net: NetName=GND Pin=button7-2
Added Pin To Net: NetName=GND Pin=C1-1
Added Pin To Net: NetName=GND Pin=C3-1
Added Pin To Net: NetName=GND Pin=C4-2
Added Pin To Net: NetName=GND Pin=C5-1
Added Pin To Net: NetName=GND Pin=C6-1
Added Pin To Net: NetName=GND Pin=C7-1
Added Pin To Net: NetName=GND Pin=C8-1
Added Pin To Net: NetName=GND Pin=C9-1
Added Pin To Net: NetName=GND Pin=C10-2
Added Pin To Net: NetName=GND Pin=C11-1
Added Pin To Net: NetName=GND Pin=C12-2
Added Pin To Net: NetName=GND Pin=C13-1
Added Pin To Net: NetName=GND Pin=C14-1
Added Pin To Net: NetName=GND Pin=C15-2
Added Pin To Net: NetName=GND Pin=C16-1
Added Pin To Net: NetName=GND Pin=C18-1
Added Pin To Net: NetName=GND Pin=C31-1
Added Pin To Net: NetName=GND Pin=C32-1
Added Pin To Net: NetName=GND Pin=CON1-1
Added Pin To Net: NetName=GND Pin=oled-1
Added Pin To Net: NetName=GND Pin=omron_encoder_left-1
Added Pin To Net: NetName=GND Pin=omron_encoder_right-1
Added Pin To Net: NetName=GND Pin=pwm-1
Added Pin To Net: NetName=GND Pin=R1-1
Added Pin To Net: NetName=GND Pin=R2-1
Added Pin To Net: NetName=GND Pin=R3-2
Added Pin To Net: NetName=GND Pin=R4-2
Added Pin To Net: NetName=GND Pin=R10-1
Added Pin To Net: NetName=GND Pin=R16-1
Added Pin To Net: NetName=GND Pin=R27-1
Added Pin To Net: NetName=GND Pin=R28-1
Added Pin To Net: NetName=GND Pin=R29-1
Added Pin To Net: NetName=GND Pin=R30-1
Added Pin To Net: NetName=GND Pin=R31-2
Added Pin To Net: NetName=GND Pin=R45-2
Added Pin To Net: NetName=GND Pin=R47-1
Added Pin To Net: NetName=GND Pin=R60-1
Added Pin To Net: NetName=GND Pin=R62-1
Added Pin To Net: NetName=GND Pin=S8-1
Added Pin To Net: NetName=GND Pin=sensor_tuoluoyi-4
Added Net: Name=GND
Added Pin To Net: NetName=NetAD1A_1 Pin=R40-1
Added Pin To Net: NetName=NetAD1A_1 Pin=R44-1
Added Pin To Net: NetName=NetAD1A_1 Pin=R44-3
Added Net: Name=NetAD1A_1
Added Pin To Net: NetName=NetAD1A_2 Pin=R30-2
Added Pin To Net: NetName=NetAD1A_2 Pin=R36-1
Added Net: Name=NetAD1A_2
Added Pin To Net: NetName=NetAD1A_3 Pin=R46-2
Added Net: Name=NetAD1A_3
Added Pin To Net: NetName=NetAD1B_1 Pin=R43-1
Added Pin To Net: NetName=NetAD1B_1 Pin=R43-3
Added Pin To Net: NetName=NetAD1B_1 Pin=R48-1
Added Net: Name=NetAD1B_1
Added Pin To Net: NetName=NetAD1B_2 Pin=R35-1
Added Pin To Net: NetName=NetAD1B_2 Pin=R47-2
Added Net: Name=NetAD1B_2
Added Pin To Net: NetName=NetAD1B_3 Pin=R26-2
Added Net: Name=NetAD1B_3
Added Pin To Net: NetName=NetAD2A_1 Pin=R39-1
Added Pin To Net: NetName=NetAD2A_1 Pin=R49-1
Added Pin To Net: NetName=NetAD2A_1 Pin=R49-3
Added Net: Name=NetAD2A_1
Added Pin To Net: NetName=NetAD2A_2 Pin=R29-2
Added Pin To Net: NetName=NetAD2A_2 Pin=R34-1
Added Net: Name=NetAD2A_2
Added Pin To Net: NetName=NetAD2A_3 Pin=R25-2
Added Net: Name=NetAD2A_3
Added Pin To Net: NetName=NetAD2B_1 Pin=R38-1
Added Pin To Net: NetName=NetAD2B_1 Pin=R42-1
Added Pin To Net: NetName=NetAD2B_1 Pin=R42-3
Added Net: Name=NetAD2B_1
Added Pin To Net: NetName=NetAD2B_2 Pin=R28-2
Added Pin To Net: NetName=NetAD2B_2 Pin=R33-1
Added Net: Name=NetAD2B_2
Added Pin To Net: NetName=NetAD2B_3 Pin=R24-2
Added Net: Name=NetAD2B_3
Added Pin To Net: NetName=NetAD3A_1 Pin=R37-1
Added Pin To Net: NetName=NetAD3A_1 Pin=R41-1
Added Pin To Net: NetName=NetAD3A_1 Pin=R41-3
Added Net: Name=NetAD3A_1
Added Pin To Net: NetName=NetAD3A_2 Pin=R27-2
Added Pin To Net: NetName=NetAD3A_2 Pin=R32-1
Added Net: Name=NetAD3A_2
Added Pin To Net: NetName=NetAD3A_3 Pin=R21-2
Added Net: Name=NetAD3A_3
Added Pin To Net: NetName=NetAD3B_1 Pin=R12-1
Added Pin To Net: NetName=NetAD3B_1 Pin=R13-1
Added Pin To Net: NetName=NetAD3B_1 Pin=R13-3
Added Net: Name=NetAD3B_1
Added Pin To Net: NetName=NetAD3B_2 Pin=R10-2
Added Pin To Net: NetName=NetAD3B_2 Pin=R11-1
Added Net: Name=NetAD3B_2
Added Pin To Net: NetName=NetAD3B_3 Pin=R9-2
Added Net: Name=NetAD3B_3
Added Pin To Net: NetName=NetBSS306N_2 Pin=BSS306N-2
Added Pin To Net: NetName=NetBSS306N_2 Pin=C4-1
Added Pin To Net: NetName=NetBSS306N_2 Pin=C5-2
Added Pin To Net: NetName=NetBSS306N_2 Pin=C16-2
Added Pin To Net: NetName=NetBSS306N_2 Pin=CON1-2
Added Net: Name=NetBSS306N_2
Added Pin To Net: NetName=NetC2_1 Pin=C2-1
Added Pin To Net: NetName=NetC2_1 Pin=R15-1
Added Pin To Net: NetName=NetC2_1 Pin=R16-2
Added Net: Name=NetC2_1
Added Pin To Net: NetName=NetC6_2 Pin=C6-2
Added Pin To Net: NetName=NetC6_2 Pin=C7-2
Added Pin To Net: NetName=NetC6_2 Pin=F1-1
Added Net: Name=NetC6_2
Added Pin To Net: NetName=NetC30_1 Pin=C30-1
Added Pin To Net: NetName=NetC30_1 Pin=R61-1
Added Pin To Net: NetName=NetC30_1 Pin=R62-2
Added Net: Name=NetC30_1
Added Pin To Net: NetName=NetD5_2 Pin=D5-2
Added Pin To Net: NetName=NetD5_2 Pin=R1-2
Added Net: Name=NetD5_2
Added Pin To Net: NetName=NetD6_2 Pin=D6-2
Added Pin To Net: NetName=NetD6_2 Pin=R2-2
Added Net: Name=NetD6_2
Added Pin To Net: NetName=NetD10_2 Pin=D10-2
Added Pin To Net: NetName=NetD10_2 Pin=R60-2
Added Net: Name=NetD10_2
Added Pin To Net: NetName=NetR11_2 Pin=R11-2
Added Pin To Net: NetName=NetR11_2 Pin=R13-2
Added Net: Name=NetR11_2
Added Pin To Net: NetName=NetR32_2 Pin=R32-2
Added Pin To Net: NetName=NetR32_2 Pin=R41-2
Added Net: Name=NetR32_2
Added Pin To Net: NetName=NetR33_2 Pin=R33-2
Added Pin To Net: NetName=NetR33_2 Pin=R42-2
Added Net: Name=NetR33_2
Added Pin To Net: NetName=NetR34_2 Pin=R34-2
Added Pin To Net: NetName=NetR34_2 Pin=R49-2
Added Net: Name=NetR34_2
Added Pin To Net: NetName=NetR35_2 Pin=R35-2
Added Pin To Net: NetName=NetR35_2 Pin=R43-2
Added Net: Name=NetR35_2
Added Pin To Net: NetName=NetR36_2 Pin=R36-2
Added Pin To Net: NetName=NetR36_2 Pin=R44-2
Added Net: Name=NetR36_2
Added Pin To Net: NetName=NetR50_1 Pin=R50-1
Added Pin To Net: NetName=NetR50_1 Pin=S8-2
Added Net: Name=NetR50_1
Added Pin To Net: NetName=SIGNAL_OUT_L1 Pin=C11-2
Added Pin To Net: NetName=SIGNAL_OUT_L1 Pin=R40-2
Added Net: Name=SIGNAL_OUT_L1
Added Pin To Net: NetName=SIGNAL_OUT_L2 Pin=C8-2
Added Pin To Net: NetName=SIGNAL_OUT_L2 Pin=R48-2
Added Net: Name=SIGNAL_OUT_L2
Added Pin To Net: NetName=SIGNAL_OUT_L3 Pin=C14-2
Added Pin To Net: NetName=SIGNAL_OUT_L3 Pin=R39-2
Added Net: Name=SIGNAL_OUT_L3
Added Pin To Net: NetName=SIGNAL_OUT_L4 Pin=C13-2
Added Pin To Net: NetName=SIGNAL_OUT_L4 Pin=R38-2
Added Net: Name=SIGNAL_OUT_L4
Added Pin To Net: NetName=SIGNAL_OUT_L5 Pin=C9-2
Added Pin To Net: NetName=SIGNAL_OUT_L5 Pin=R37-2
Added Net: Name=SIGNAL_OUT_L5
Added Pin To Net: NetName=SIGNAL_OUT_L6 Pin=C1-2
Added Pin To Net: NetName=SIGNAL_OUT_L6 Pin=R12-2
Added Net: Name=SIGNAL_OUT_L6
Added Net: Name=UART_RX
Added Net: Name=UART_T'X
Added Net: Name=UART_TX
Added Class: Name=control
Added Room: Name=control
